SF:lib\feature\maintenance_management\adapters\assets_lookup_model_adapter.dart
DA:5,2
DA:6,2
DA:8,10
DA:12,2
DA:13,2
DA:14,2
DA:15,2
DA:16,2
LF:8
LH:8
end_of_record
SF:lib\feature\maintenance_management\adapters\chat\chat_channel_adapter.dart
DA:6,2
DA:7,2
DA:8,2
DA:9,2
DA:16,1
DA:17,1
DA:18,1
DA:19,1
DA:20,1
DA:27,1
DA:28,1
DA:29,1
DA:30,1
DA:31,2
DA:32,2
DA:39,2
DA:40,2
DA:41,2
DA:42,2
DA:43,2
DA:44,4
DA:45,4
DA:52,1
DA:53,4
DA:59,1
DA:62,1
DA:63,1
DA:64,1
DA:65,1
DA:66,1
DA:73,1
DA:74,1
DA:75,2
DA:76,2
DA:77,1
LF:35
LH:35
end_of_record
SF:lib\feature\maintenance_management\adapters\chat\chat_message_adapter.dart
DA:7,2
DA:10,2
DA:11,2
DA:14,1
DA:18,2
DA:19,2
DA:20,2
DA:21,2
DA:22,2
DA:23,6
DA:24,2
DA:25,4
DA:26,4
DA:27,4
DA:37,1
DA:38,4
DA:44,2
DA:45,2
DA:46,2
DA:47,2
DA:48,2
DA:49,2
DA:50,2
DA:51,2
DA:52,4
DA:59,1
DA:60,1
DA:61,1
DA:62,1
DA:63,1
DA:70,1
DA:71,1
DA:72,1
DA:73,1
DA:74,1
DA:75,1
DA:76,1
LF:37
LH:37
end_of_record
SF:lib\feature\maintenance_management\adapters\condominium_info_adapters.dart
DA:11,2
DA:12,2
DA:13,2
DA:14,10
DA:15,6
DA:16,2
DA:17,2
DA:19,2
DA:20,2
DA:21,2
DA:22,2
DA:23,2
DA:24,2
DA:25,2
DA:26,2
DA:27,2
DA:28,4
DA:29,3
DA:30,1
DA:31,10
DA:34,1
DA:35,1
DA:36,1
DA:37,1
DA:38,1
DA:39,1
DA:40,2
DA:41,2
DA:47,1
DA:48,1
DA:49,1
DA:50,1
DA:51,1
DA:52,1
DA:53,1
DA:54,1
DA:55,1
DA:56,1
DA:62,2
DA:63,2
DA:64,2
DA:65,2
DA:71,1
DA:72,1
DA:73,1
DA:74,1
DA:75,1
DA:76,1
DA:77,1
DA:78,1
DA:79,1
DA:80,1
DA:81,1
DA:82,1
DA:83,1
DA:84,1
LF:56
LH:56
end_of_record
SF:lib\feature\maintenance_management\adapters\create_task_from_schedule_adapter.dart
DA:6,2
DA:8,2
DA:9,2
DA:10,2
DA:14,2
DA:16,2
DA:17,4
DA:18,4
DA:22,2
DA:23,2
DA:24,2
DA:25,2
DA:26,2
DA:27,2
DA:31,2
DA:32,2
DA:33,2
DA:34,2
DA:35,2
DA:36,2
DA:41,1
DA:43,1
DA:44,1
DA:45,1
DA:46,1
DA:47,1
DA:48,1
DA:49,1
LF:28
LH:28
end_of_record
SF:lib\feature\maintenance_management\adapters\efficiency_adapter.dart
DA:6,4
DA:7,2
DA:8,2
DA:9,2
DA:10,2
DA:11,2
DA:16,4
DA:17,2
DA:18,2
DA:19,2
DA:20,2
DA:25,4
DA:26,10
DA:27,4
LF:14
LH:14
end_of_record
SF:lib\feature\maintenance_management\adapters\filter_options_model_adapter.dart
DA:8,2
DA:9,2
DA:10,2
DA:11,6
DA:12,2
DA:13,2
DA:15,2
DA:16,2
DA:17,6
DA:18,2
DA:19,2
DA:21,2
DA:22,2
DA:23,6
DA:24,2
DA:25,2
DA:27,2
DA:28,2
DA:29,6
DA:30,2
DA:31,2
DA:33,2
LF:22
LH:22
end_of_record
SF:lib\feature\maintenance_management\adapters\formulary_by_month_adapter.dart
DA:9,4
DA:10,2
DA:11,2
DA:16,4
DA:17,2
DA:18,10
DA:23,4
DA:24,10
DA:25,2
DA:26,2
DA:27,2
LF:11
LH:11
end_of_record
SF:lib\feature\maintenance_management\adapters\legal_obligation_activity_history_model_adapter.dart
DA:6,2
DA:7,2
DA:8,10
DA:9,2
DA:10,2
DA:11,2
DA:17,2
DA:18,2
DA:19,2
DA:20,2
DA:21,2
DA:22,2
DA:23,2
LF:13
LH:13
end_of_record
SF:lib\feature\maintenance_management\adapters\legal_obligation_model_adapter.dart
DA:5,4
DA:6,10
DA:7,4
DA:8,2
DA:9,2
DA:10,2
DA:15,4
DA:16,2
DA:17,2
DA:18,2
DA:19,2
DA:20,2
DA:21,2
DA:22,2
DA:23,2
DA:24,2
DA:25,2
DA:26,2
DA:27,2
DA:28,2
DA:29,2
DA:30,2
DA:31,2
DA:32,2
LF:24
LH:24
end_of_record
SF:lib\feature\maintenance_management\adapters\locals_lookup_model_adapter.dart
DA:5,2
DA:6,2
DA:7,2
DA:8,6
DA:9,2
DA:13,2
DA:14,2
DA:15,2
DA:16,2
DA:17,2
LF:10
LH:10
end_of_record
SF:lib\feature\maintenance_management\adapters\procedure_options_model_adapter.dart
DA:5,2
DA:6,2
DA:7,2
DA:8,6
DA:9,2
DA:13,2
DA:14,2
DA:15,2
DA:16,2
DA:17,2
DA:18,2
DA:19,2
DA:20,2
DA:21,2
DA:22,2
DA:23,2
DA:24,4
DA:29,2
DA:30,2
DA:31,2
DA:32,2
LF:21
LH:21
end_of_record
SF:lib\feature\maintenance_management\adapters\task_by_asset_model_adapter.dart
DA:6,2
DA:7,2
DA:8,2
DA:9,6
DA:10,2
DA:18,2
DA:19,2
LF:7
LH:7
end_of_record
SF:lib\feature\maintenance_management\adapters\task_by_local_model_adapter.dart
DA:6,2
DA:7,2
DA:8,2
DA:9,6
DA:10,2
DA:18,2
DA:19,2
DA:20,2
DA:21,2
DA:22,2
DA:23,2
DA:24,2
DA:25,2
LF:13
LH:13
end_of_record
SF:lib\feature\maintenance_management\adapters\task_by_month_adapter.dart
DA:9,4
DA:10,2
DA:11,2
DA:16,2
DA:17,10
DA:18,2
DA:19,2
DA:20,10
DA:26,2
DA:27,2
DA:28,8
DA:29,8
DA:31,2
DA:32,10
DA:33,2
DA:34,2
DA:35,2
DA:38,8
LF:18
LH:18
end_of_record
SF:lib\feature\maintenance_management\data\model\assets_lookup_model.dart
DA:11,4
DA:17,4
DA:18,4
DA:20,2
DA:27,3
DA:31,3
DA:32,3
DA:34,0
LF:8
LH:7
end_of_record
SF:lib\feature\maintenance_management\data\model\assets_lookup_model.g.dart
DA:9,4
DA:10,4
DA:11,4
DA:12,4
DA:13,4
DA:16,1
DA:17,1
DA:18,1
DA:19,1
DA:20,1
DA:23,3
DA:24,3
DA:25,3
DA:26,9
DA:27,3
DA:30,0
DA:31,0
DA:32,0
LF:18
LH:15
end_of_record
SF:lib\feature\maintenance_management\data\model\chat\chat_channel_model.dart
DA:11,4
DA:16,4
DA:17,4
DA:19,2
DA:29,2
DA:35,2
DA:36,2
DA:38,2
DA:49,2
DA:56,2
DA:57,2
DA:59,2
DA:71,4
DA:79,4
DA:80,4
DA:82,2
DA:93,2
DA:100,2
DA:101,2
DA:103,2
DA:115,4
DA:122,4
DA:123,4
DA:125,2
LF:24
LH:24
end_of_record
SF:lib\feature\maintenance_management\data\model\chat\chat_channel_model.g.dart
DA:9,4
DA:10,4
DA:11,4
DA:12,4
DA:15,1
DA:16,1
DA:17,1
DA:18,1
DA:21,2
DA:22,2
DA:23,2
DA:24,2
DA:25,2
DA:28,1
DA:29,1
DA:30,1
DA:31,1
DA:32,1
DA:35,2
DA:37,2
DA:38,2
DA:39,2
DA:40,2
DA:42,4
DA:45,1
DA:47,1
DA:48,1
DA:49,1
DA:50,1
DA:51,1
DA:54,4
DA:55,4
DA:56,4
DA:57,4
DA:58,4
DA:59,8
DA:60,4
DA:62,2
DA:63,2
DA:66,1
DA:67,1
DA:68,1
DA:69,1
DA:70,1
DA:71,1
DA:72,1
DA:75,2
DA:76,2
DA:77,2
DA:78,2
DA:79,2
DA:80,2
DA:83,1
DA:84,1
DA:85,1
DA:86,1
DA:87,1
DA:88,1
DA:91,4
DA:93,4
DA:94,4
DA:95,4
DA:96,12
DA:97,4
DA:98,4
DA:100,4
DA:101,4
DA:104,1
DA:106,1
DA:107,1
DA:108,1
DA:109,1
DA:110,1
LF:73
LH:73
end_of_record
SF:lib\feature\maintenance_management\data\model\chat\chat_message_model.dart
DA:22,4
DA:33,4
DA:34,4
DA:36,2
DA:51,4
DA:61,4
DA:62,4
DA:64,2
DA:74,2
DA:80,2
DA:81,2
DA:83,2
DA:103,2
DA:114,2
DA:115,2
DA:117,2
DA:128,3
DA:135,3
DA:136,3
DA:138,2
DA:149,3
DA:156,3
DA:157,3
DA:159,2
LF:24
LH:24
end_of_record
SF:lib\feature\maintenance_management\data\model\chat\chat_message_model.g.dart
DA:9,4
DA:10,4
DA:11,4
DA:12,4
DA:13,4
DA:14,4
DA:15,4
DA:16,4
DA:17,8
DA:18,4
DA:20,2
DA:21,2
DA:24,1
DA:25,1
DA:26,1
DA:27,1
DA:28,1
DA:29,1
DA:30,1
DA:31,1
DA:32,1
DA:33,1
DA:36,4
DA:37,4
DA:38,4
DA:39,4
DA:40,4
DA:41,4
DA:42,4
DA:43,4
DA:44,4
DA:46,2
DA:47,2
DA:50,1
DA:51,1
DA:52,1
DA:53,1
DA:54,1
DA:55,1
DA:56,1
DA:57,1
DA:58,1
DA:61,2
DA:63,2
DA:64,2
DA:65,2
DA:66,2
DA:69,1
DA:71,1
DA:72,1
DA:73,1
DA:74,1
DA:77,2
DA:78,2
DA:79,2
DA:80,2
DA:81,2
DA:82,2
DA:83,2
DA:84,2
DA:85,2
DA:86,2
DA:89,1
DA:91,1
DA:92,1
DA:93,1
DA:94,1
DA:95,1
DA:96,1
DA:97,1
DA:98,1
DA:99,1
DA:102,3
DA:103,3
DA:104,3
DA:105,3
DA:106,3
DA:107,3
DA:110,1
DA:111,1
DA:112,1
DA:113,1
DA:114,1
DA:115,1
DA:118,3
DA:120,3
DA:121,3
DA:122,3
DA:123,9
DA:124,3
DA:126,6
DA:127,3
DA:130,1
DA:132,1
DA:133,1
DA:134,1
DA:135,1
DA:136,1
LF:98
LH:98
end_of_record
SF:lib\feature\maintenance_management\data\model\condominium_info_model.dart
DA:26,4
DA:43,4
DA:44,4
DA:46,2
LF:4
LH:4
end_of_record
SF:lib\feature\maintenance_management\data\model\condominium_info_model.g.dart
DA:9,4
DA:11,4
DA:12,4
DA:13,8
DA:14,4
DA:15,8
DA:16,4
DA:17,4
DA:18,8
DA:19,8
DA:20,4
DA:21,3
DA:22,1
DA:23,4
DA:25,2
DA:26,2
DA:27,4
DA:29,2
DA:30,2
DA:31,4
DA:32,3
DA:33,6
DA:34,3
DA:35,4
DA:36,4
DA:39,1
DA:41,1
DA:42,1
DA:43,1
DA:44,1
DA:45,1
DA:46,1
DA:47,1
DA:48,1
DA:49,1
DA:50,1
DA:51,2
DA:52,2
DA:53,5
DA:54,1
DA:55,1
LF:41
LH:41
end_of_record
SF:lib\feature\maintenance_management\data\model\create_task_from_schedule_response_model.dart
DA:10,4
DA:15,4
DA:17,4
DA:19,1
DA:20,1
DA:32,4
DA:39,4
DA:40,4
DA:42,2
DA:52,4
DA:58,4
DA:59,4
DA:61,2
DA:73,2
DA:82,2
DA:83,2
DA:85,2
LF:17
LH:17
end_of_record
SF:lib\feature\maintenance_management\data\model\create_task_from_schedule_response_model.g.dart
DA:9,4
DA:11,4
DA:12,8
DA:14,8
DA:17,1
DA:19,1
DA:20,1
DA:21,1
DA:24,4
DA:25,4
DA:26,4
DA:27,4
DA:28,4
DA:29,4
DA:32,1
DA:33,1
DA:34,1
DA:35,1
DA:36,1
DA:37,1
DA:40,4
DA:41,4
DA:42,4
DA:43,4
DA:44,4
DA:46,2
DA:47,2
DA:50,1
DA:51,1
DA:52,1
DA:53,1
DA:54,1
DA:57,2
DA:59,2
DA:60,2
DA:61,2
DA:62,2
DA:63,2
DA:64,2
DA:65,2
DA:68,1
DA:70,1
DA:71,1
DA:72,1
DA:73,1
DA:74,1
DA:75,1
DA:76,1
LF:48
LH:48
end_of_record
SF:lib\feature\maintenance_management\data\model\efficiency_response_model.dart
DA:15,4
DA:23,4
DA:24,4
DA:26,2
DA:36,4
DA:41,4
DA:42,4
DA:44,4
LF:8
LH:8
end_of_record
SF:lib\feature\maintenance_management\data\model\efficiency_response_model.g.dart
DA:9,4
DA:10,4
DA:11,4
DA:12,4
DA:13,8
DA:14,8
DA:15,8
DA:18,1
DA:20,1
DA:21,1
DA:22,1
DA:23,1
DA:24,1
DA:25,1
DA:28,4
DA:30,4
DA:31,4
DA:32,12
DA:33,4
DA:34,4
DA:35,4
DA:38,2
DA:40,2
DA:41,2
DA:42,2
LF:25
LH:25
end_of_record
SF:lib\feature\maintenance_management\data\model\filter_options_model.dart
DA:10,5
DA:15,5
DA:16,5
DA:18,2
DA:26,5
DA:31,5
DA:32,5
DA:34,2
DA:42,5
DA:47,5
DA:48,5
DA:50,2
DA:58,5
DA:63,5
DA:64,5
DA:66,2
DA:77,5
DA:84,5
DA:85,5
DA:87,2
LF:20
LH:20
end_of_record
SF:lib\feature\maintenance_management\data\model\filter_options_model.g.dart
DA:9,5
DA:10,5
DA:11,5
DA:12,5
DA:15,1
DA:16,1
DA:17,1
DA:18,1
DA:21,5
DA:22,5
DA:23,5
DA:24,5
DA:27,1
DA:28,1
DA:29,1
DA:30,1
DA:33,5
DA:35,5
DA:36,5
DA:37,5
DA:40,1
DA:42,1
DA:43,1
DA:44,1
DA:47,5
DA:49,5
DA:50,5
DA:51,5
DA:54,1
DA:56,1
DA:57,1
DA:58,1
DA:61,5
DA:62,5
DA:63,5
DA:64,15
DA:65,5
DA:66,5
DA:67,15
DA:68,5
DA:69,5
DA:70,5
DA:71,10
DA:72,5
DA:73,5
DA:74,10
DA:75,5
DA:76,5
DA:79,1
DA:80,1
DA:81,1
DA:82,1
DA:83,1
DA:84,1
LF:54
LH:54
end_of_record
SF:lib\feature\maintenance_management\data\model\formulary_by_month_response_model.dart
DA:14,4
DA:21,4
DA:22,4
DA:24,2
LF:4
LH:4
end_of_record
SF:lib\feature\maintenance_management\data\model\formulary_by_month_response_model.g.dart
DA:9,4
DA:11,4
DA:12,4
DA:13,8
DA:14,4
DA:15,4
DA:16,8
DA:17,8
DA:18,8
DA:21,1
DA:23,1
DA:24,1
DA:25,1
DA:26,1
DA:27,1
LF:15
LH:15
end_of_record
SF:lib\feature\maintenance_management\data\model\legal_obligation_activity_history_response_model.dart
DA:8,3
DA:16,3
DA:19,3
DA:20,6
DA:21,3
DA:22,6
DA:23,6
DA:24,3
DA:25,6
DA:30,3
DA:31,3
DA:34,3
DA:35,9
DA:36,3
DA:38,3
DA:49,3
DA:57,3
DA:60,3
DA:61,4
DA:63,3
DA:64,3
DA:65,4
DA:66,3
DA:71,3
DA:72,3
DA:73,3
LF:26
LH:26
end_of_record
SF:lib\feature\maintenance_management\data\model\legal_obligation_response_model.dart
DA:18,4
DA:27,4
DA:28,4
DA:30,2
DA:32,4
DA:33,7
DA:35,4
DA:36,7
DA:44,4
DA:48,4
DA:49,4
DA:51,2
DA:53,4
DA:54,4
DA:89,4
DA:109,4
DA:110,4
DA:112,2
DA:114,8
DA:116,4
DA:117,7
DA:119,4
DA:120,7
DA:122,4
DA:123,7
DA:125,4
DA:126,5
DA:128,4
DA:129,7
DA:131,4
DA:132,7
DA:134,4
DA:135,7
DA:137,4
DA:138,7
DA:140,4
DA:141,7
DA:143,4
DA:144,8
DA:146,4
DA:147,8
DA:150,4
DA:151,4
DA:152,4
DA:156,3
DA:157,3
DA:159,6
DA:160,9
DA:161,3
DA:163,0
DA:164,0
LF:51
LH:49
end_of_record
SF:lib\feature\maintenance_management\data\model\legal_obligation_response_model.g.dart
DA:9,4
DA:11,4
DA:12,4
DA:13,4
DA:14,8
DA:15,4
DA:16,4
DA:17,0
DA:18,4
DA:20,4
DA:21,4
DA:22,4
DA:23,4
DA:25,4
DA:26,4
DA:30,1
DA:32,1
DA:33,1
DA:34,1
DA:35,5
DA:36,2
DA:37,1
DA:38,1
DA:41,4
DA:43,4
DA:44,4
DA:49,1
DA:51,1
DA:52,1
DA:55,4
DA:57,4
DA:58,4
DA:59,4
DA:61,4
DA:64,4
DA:66,4
DA:67,4
DA:68,4
DA:70,4
DA:72,4
DA:76,6
DA:79,4
DA:82,4
DA:85,4
DA:88,4
DA:90,4
DA:92,4
DA:94,4
DA:95,8
DA:99,1
DA:101,1
DA:102,1
DA:103,1
DA:104,1
DA:105,1
DA:106,1
DA:107,1
DA:108,1
DA:109,1
DA:110,1
DA:111,1
DA:112,1
DA:113,1
DA:114,1
DA:115,1
DA:116,1
DA:117,1
DA:118,1
LF:68
LH:67
end_of_record
SF:lib\feature\maintenance_management\data\model\locals_lookup_model.dart
DA:12,4
DA:18,4
DA:19,4
DA:21,2
DA:28,4
DA:32,4
DA:33,4
DA:35,0
LF:8
LH:7
end_of_record
SF:lib\feature\maintenance_management\data\model\locals_lookup_model.g.dart
DA:9,4
DA:10,4
DA:11,4
DA:12,4
DA:13,4
DA:16,1
DA:17,1
DA:18,1
DA:19,1
DA:20,1
DA:23,4
DA:24,4
DA:25,4
DA:26,12
DA:27,4
DA:30,0
DA:31,0
DA:32,0
LF:18
LH:15
end_of_record
SF:lib\feature\maintenance_management\data\model\procedure_options_model.dart
DA:10,5
DA:15,5
DA:16,5
DA:17,10
DA:18,10
DA:21,2
DA:42,5
DA:54,5
DA:55,5
DA:56,10
DA:57,10
DA:58,10
DA:59,10
DA:60,10
DA:61,10
DA:62,10
DA:63,5
DA:64,10
DA:66,5
DA:67,10
DA:70,2
DA:78,5
DA:82,5
DA:83,5
DA:84,5
DA:86,5
DA:88,5
DA:89,5
DA:90,5
DA:91,5
DA:95,6
DA:98,5
DA:99,5
DA:103,1
DA:104,0
DA:110,5
DA:111,5
DA:115,5
DA:120,5
DA:124,5
LF:40
LH:39
end_of_record
SF:lib\feature\maintenance_management\data\model\procedure_options_model.g.dart
DA:9,0
DA:11,0
DA:12,0
DA:13,0
DA:16,1
DA:18,1
DA:19,1
DA:20,1
DA:23,0
DA:25,0
DA:26,0
DA:27,0
DA:28,0
DA:29,0
DA:30,0
DA:31,0
DA:32,0
DA:33,0
DA:34,0
DA:36,0
DA:37,0
DA:40,1
DA:42,1
DA:43,1
DA:44,1
DA:45,1
DA:46,1
DA:47,1
DA:48,1
DA:49,1
DA:50,1
DA:51,1
DA:54,0
DA:56,0
DA:57,0
DA:58,0
DA:59,0
DA:62,3
DA:64,3
DA:65,3
LF:40
LH:18
end_of_record
SF:lib\feature\maintenance_management\data\model\task_by_asset_response_model.dart
DA:12,4
DA:16,4
DA:17,4
DA:19,2
DA:21,1
DA:22,1
DA:24,5
LF:7
LH:7
end_of_record
SF:lib\feature\maintenance_management\data\model\task_by_asset_response_model.g.dart
DA:9,4
DA:11,4
DA:12,4
DA:14,12
DA:15,4
DA:18,1
DA:20,1
DA:21,1
LF:8
LH:8
end_of_record
SF:lib\feature\maintenance_management\data\model\task_by_local_response_model.dart
DA:11,4
DA:15,4
DA:16,4
DA:18,0
LF:4
LH:3
end_of_record
SF:lib\feature\maintenance_management\data\model\task_by_local_response_model.g.dart
DA:9,4
DA:11,4
DA:12,4
DA:13,12
DA:14,4
DA:17,0
DA:19,0
DA:20,0
LF:8
LH:5
end_of_record
SF:lib\feature\maintenance_management\data\model\task_by_month_response_model.dart
DA:14,4
DA:21,4
DA:22,4
DA:24,2
LF:4
LH:4
end_of_record
SF:lib\feature\maintenance_management\data\model\task_by_month_response_model.g.dart
DA:9,4
DA:11,4
DA:12,4
DA:13,12
DA:14,4
DA:15,8
DA:16,8
DA:17,8
DA:20,1
DA:22,1
DA:23,1
DA:24,1
DA:25,1
DA:26,1
LF:14
LH:14
end_of_record
SF:lib\feature\maintenance_management\domain\entity\create_task_from_schedule_entity.dart
DA:5,3
DA:15,3
DA:27,3
DA:40,3
DA:55,1
LF:5
LH:5
end_of_record
SF:lib\feature\maintenance_management\domain\entity\assets_lookup_entity.dart
DA:6,2
DA:16,3
LF:2
LH:2
end_of_record
SF:lib\feature\maintenance_management\domain\entity\chat\chat_channel_entity.dart
DA:10,1
DA:17,2
DA:18,10
DA:26,6
DA:31,1
DA:32,3
DA:41,2
DA:47,1
DA:48,4
DA:58,6
DA:65,2
DA:71,2
DA:72,1
DA:73,0
DA:74,1
DA:75,1
DA:79,0
DA:80,0
DA:92,9
DA:101,4
DA:109,4
DA:110,3
DA:111,3
DA:112,1
DA:113,3
DA:114,3
DA:115,1
DA:119,6
DA:120,8
DA:122,1
DA:123,1
DA:124,1
DA:125,1
DA:126,1
DA:127,1
DA:128,1
DA:129,1
DA:139,4
DA:145,2
DA:146,8
LF:40
LH:37
end_of_record
SF:lib\feature\maintenance_management\domain\entity\chat\chat_message_entity.dart
DA:17,7
DA:31,3
DA:44,3
DA:45,2
DA:46,2
DA:47,2
DA:48,2
DA:49,2
DA:50,2
DA:51,2
DA:52,2
DA:53,2
DA:54,0
DA:55,0
DA:59,1
DA:60,1
DA:61,1
DA:62,1
DA:63,1
DA:64,1
DA:65,1
DA:66,1
DA:67,1
DA:68,1
DA:69,1
DA:70,1
DA:71,1
DA:85,3
DA:95,1
DA:96,8
DA:105,1
DA:111,1
DA:112,4
DA:123,1
DA:131,1
DA:132,6
LF:36
LH:34
end_of_record
SF:lib\feature\maintenance_management\data\model\condominium_tracking_model.dart
DA:16,2
DA:27,2
DA:28,2
DA:30,2
LF:4
LH:4
end_of_record
SF:lib\feature\maintenance_management\data\model\condominium_tracking_model.g.dart
DA:9,2
DA:11,2
DA:12,2
DA:13,2
DA:14,2
DA:15,2
DA:16,2
DA:17,2
DA:18,2
DA:19,2
DA:22,1
DA:24,1
DA:25,1
DA:26,1
DA:27,1
DA:28,1
DA:29,1
DA:30,1
DA:31,1
DA:32,1
LF:20
LH:20
end_of_record
SF:lib\feature\maintenance_management\data\model\maintenance_token_model.dart
DA:10,3
DA:15,3
DA:16,3
DA:18,2
LF:4
LH:4
end_of_record
SF:lib\feature\maintenance_management\data\model\maintenance_token_model.g.dart
DA:9,3
DA:11,3
DA:12,3
DA:13,3
DA:16,1
DA:18,1
DA:19,1
DA:20,1
LF:8
LH:8
end_of_record
SF:lib\feature\maintenance_management\data\model\tracking_trade_model.dart
DA:22,2
DA:37,2
DA:38,2
DA:40,2
DA:43,2
DA:44,2
DA:47,1
DA:48,1
LF:8
LH:8
end_of_record
SF:lib\feature\maintenance_management\data\model\tracking_trade_model.g.dart
DA:9,2
DA:10,2
DA:11,2
DA:12,2
DA:13,2
DA:14,4
DA:15,2
DA:16,2
DA:17,2
DA:18,2
DA:19,2
DA:20,2
DA:21,2
DA:22,2
DA:25,1
DA:26,1
DA:27,1
DA:28,1
DA:29,1
DA:30,2
DA:31,1
DA:32,1
DA:33,1
DA:34,1
DA:35,1
DA:36,1
DA:37,1
DA:38,1
LF:28
LH:28
end_of_record
SF:lib\feature\maintenance_management\domain\entity\condominium_tracking_entity.dart
DA:11,1
LF:1
LH:1
end_of_record
SF:lib\feature\maintenance_management\domain\entity\maintenance_management_entity.dart
DA:52,2
DA:78,3
DA:80,1
DA:81,2
LF:4
LH:4
end_of_record
SF:lib\feature\maintenance_management\domain\entity\maintenance_token_entity.dart
DA:5,2
LF:1
LH:1
end_of_record
SF:lib\feature\maintenance_management\domain\entity\tracking_trade_entity.dart
DA:17,1
LF:1
LH:1
end_of_record
SF:lib\feature\maintenance_management\data\model\create_task_from_schedule_request_model.dart
DA:10,4
DA:15,1
DA:17,1
DA:19,2
DA:20,2
LF:5
LH:5
end_of_record
SF:lib\feature\maintenance_management\data\model\create_task_from_schedule_request_model.g.dart
DA:9,1
DA:11,1
DA:12,1
DA:13,1
DA:16,2
DA:18,2
DA:19,2
DA:20,2
LF:8
LH:8
end_of_record
SF:lib\feature\maintenance_management\data\model\task_summary_model.dart
DA:12,8
DA:19,7
DA:20,7
DA:22,4
LF:4
LH:4
end_of_record
SF:lib\feature\maintenance_management\data\model\task_summary_model.g.dart
DA:9,7
DA:10,7
DA:11,14
DA:12,14
DA:13,14
DA:14,14
DA:17,2
DA:18,2
DA:19,2
DA:20,2
DA:21,2
DA:22,2
LF:12
LH:12
end_of_record
SF:lib\feature\maintenance_management\domain\entity\efficiency_entity.dart
DA:8,4
DA:24,16
DA:37,4
LF:3
LH:3
end_of_record
SF:lib\feature\maintenance_management\presentation\home\widgets\task_card\task_card_enum.dart
DA:8,6
DA:10,6
DA:11,6
DA:12,6
DA:13,6
DA:17,4
DA:18,4
DA:20,4
DA:21,4
DA:22,4
DA:23,4
LF:11
LH:11
end_of_record
SF:lib\feature\maintenance_management\presentation\home\widgets\task_summary\task_summary_model.dart
DA:8,2
DA:18,1
DA:24,4
DA:26,4
DA:27,4
DA:28,4
DA:29,4
DA:30,4
DA:31,4
DA:35,4
DA:37,4
DA:38,3
DA:39,4
DA:40,3
DA:41,4
DA:42,4
DA:46,6
DA:48,6
DA:49,12
DA:50,6
DA:51,10
DA:52,6
DA:53,12
LF:23
LH:23
end_of_record
SF:lib\feature\maintenance_management\domain\entity\filter_options_entity.dart
DA:8,10
DA:18,11
DA:28,9
DA:38,6
DA:52,10
DA:61,1
DA:69,1
DA:70,0
DA:71,1
DA:72,1
DA:73,1
DA:74,0
DA:75,1
LF:13
LH:11
end_of_record
SF:lib\feature\maintenance_management\data\model\formulary_data_point_model.dart
DA:11,4
DA:16,4
DA:17,4
DA:18,0
DA:20,4
DA:26,4
DA:27,4
DA:29,0
LF:8
LH:6
end_of_record
SF:lib\feature\maintenance_management\data\model\formulary_data_point_model.g.dart
DA:9,4
DA:11,4
DA:12,4
DA:13,8
DA:16,0
DA:18,0
DA:19,0
DA:20,0
LF:8
LH:4
end_of_record
SF:lib\feature\maintenance_management\data\model\formulary_by_month_data_model.dart
DA:11,4
DA:16,4
DA:17,4
DA:19,0
LF:4
LH:3
end_of_record
SF:lib\feature\maintenance_management\data\model\formulary_by_month_data_model.g.dart
DA:9,4
DA:11,4
DA:12,4
DA:13,4
DA:14,8
DA:15,4
DA:16,4
DA:19,0
DA:21,0
DA:22,0
DA:23,0
LF:11
LH:7
end_of_record
SF:lib\feature\maintenance_management\domain\entity\formulary_data_point_entity.dart
DA:5,2
LF:1
LH:1
end_of_record
SF:lib\feature\maintenance_management\domain\entity\formulary_by_month_data_entity.dart
DA:7,2
LF:1
LH:1
end_of_record
SF:lib\feature\maintenance_management\domain\entity\formulary_by_month_response_entity.dart
DA:9,2
LF:1
LH:1
end_of_record
SF:lib\feature\maintenance_management\domain\entity\legal_obligation_activity_history_entity.dart
DA:8,2
DA:23,2
LF:2
LH:2
end_of_record
SF:lib\feature\maintenance_management\domain\entity\legal_obligation_entity.dart
DA:20,2
DA:48,2
DA:56,0
DA:63,3
LF:4
LH:3
end_of_record
SF:lib\feature\maintenance_management\domain\entity\locals_lookup_entity.dart
DA:6,2
DA:16,3
LF:2
LH:2
end_of_record
SF:lib\feature\maintenance_management\domain\entity\procedure_options_entity.dart
DA:5,2
DA:22,2
DA:38,3
LF:3
LH:3
end_of_record
SF:lib\feature\maintenance_management\data\model\task_by_asset_data_model.dart
DA:26,5
DA:35,5
DA:36,5
DA:38,2
DA:40,3
DA:41,3
DA:42,9
DA:43,3
DA:44,3
DA:45,3
DA:46,3
DA:47,3
LF:12
LH:12
end_of_record
SF:lib\feature\maintenance_management\data\model\task_by_asset_data_model.g.dart
DA:9,5
DA:11,5
DA:12,5
DA:13,5
DA:14,10
DA:15,10
DA:16,10
DA:17,10
DA:20,1
DA:22,1
DA:23,1
DA:24,1
DA:25,1
DA:26,1
DA:27,1
DA:28,1
LF:16
LH:16
end_of_record
SF:lib\feature\maintenance_management\domain\entity\task_by_asset_entity.dart
DA:11,3
DA:20,0
DA:21,0
DA:27,3
DA:31,1
DA:32,2
LF:6
LH:4
end_of_record
SF:lib\feature\maintenance_management\data\model\task_by_local_data_model.dart
DA:25,5
DA:34,5
DA:35,5
DA:37,2
LF:4
LH:4
end_of_record
SF:lib\feature\maintenance_management\data\model\task_by_local_data_model.g.dart
DA:9,5
DA:11,5
DA:12,5
DA:13,5
DA:14,10
DA:15,10
DA:16,10
DA:17,10
DA:20,1
DA:22,1
DA:23,1
DA:24,1
DA:25,1
DA:26,1
DA:27,1
DA:28,1
LF:16
LH:16
end_of_record
SF:lib\feature\maintenance_management\domain\entity\task_by_local_entity.dart
DA:11,2
DA:20,1
DA:21,7
DA:27,2
DA:31,0
DA:32,0
LF:6
LH:4
end_of_record
SF:lib\feature\maintenance_management\data\model\task_by_month_data_point_model.dart
DA:11,4
DA:16,4
DA:17,4
DA:18,1
DA:20,4
DA:26,4
DA:27,4
DA:29,0
LF:8
LH:7
end_of_record
SF:lib\feature\maintenance_management\data\model\task_by_month_data_point_model.g.dart
DA:9,4
DA:11,4
DA:12,4
DA:13,8
DA:16,0
DA:18,0
DA:19,0
DA:20,0
LF:8
LH:4
end_of_record
SF:lib\feature\maintenance_management\data\model\task_by_month_data_model.dart
DA:11,4
DA:16,4
DA:17,4
DA:19,0
LF:4
LH:3
end_of_record
SF:lib\feature\maintenance_management\data\model\task_by_month_data_model.g.dart
DA:9,4
DA:11,4
DA:12,4
DA:13,4
DA:14,8
DA:15,4
DA:16,4
DA:19,0
DA:21,0
DA:22,0
DA:23,0
LF:11
LH:7
end_of_record
SF:lib\feature\maintenance_management\domain\entity\task_by_month_data_point_entity.dart
DA:5,2
LF:1
LH:1
end_of_record
SF:lib\feature\maintenance_management\domain\entity\task_by_month_data_entity.dart
DA:7,2
LF:1
LH:1
end_of_record
SF:lib\feature\maintenance_management\domain\entity\task_by_month_response_entity.dart
DA:9,2
LF:1
LH:1
end_of_record
SF:lib\feature\maintenance_management\domain\enum\tracking_trade_status.dart
DA:8,3
DA:9,6
DA:14,3
DA:15,3
DA:16,3
DA:17,3
DA:20,3
DA:22,3
DA:24,1
DA:31,2
DA:33,2
DA:35,2
DA:37,1
DA:42,2
LF:14
LH:14
end_of_record
SF:lib\feature\maintenance_management\adapters\efficiency_bloc_adapter.dart
DA:5,2
DA:6,2
DA:7,2
DA:8,2
DA:10,2
DA:11,2
DA:12,2
DA:19,2
DA:20,10
LF:9
LH:9
end_of_record
SF:lib\feature\maintenance_management\adapters\maintenance_task_event_model_adapter.dart
DA:9,2
DA:10,2
DA:11,2
DA:12,2
DA:13,2
DA:14,2
DA:15,2
DA:16,2
DA:17,2
DA:18,2
DA:19,2
DA:20,2
DA:22,2
DA:23,2
DA:25,2
DA:27,2
DA:28,2
DA:29,2
DA:30,2
DA:36,3
DA:37,3
DA:38,3
DA:39,3
DA:40,3
DA:41,3
DA:48,3
DA:49,3
DA:50,6
DA:51,13
LF:29
LH:29
end_of_record
SF:lib\feature\maintenance_management\adapters\schedule_event_task_model_adapter.dart
DA:5,1
DA:6,1
DA:7,1
DA:8,1
DA:9,1
DA:10,1
DA:11,1
DA:12,1
DA:13,1
DA:14,1
DA:15,1
DA:16,1
DA:17,1
DA:18,1
DA:19,1
DA:20,1
DA:21,1
DA:22,1
DA:23,1
LF:19
LH:19
end_of_record
SF:lib\feature\maintenance_management\adapters\task_by_sector_model_adapter.dart
DA:6,2
DA:7,2
DA:8,2
DA:9,6
DA:10,2
DA:18,2
DA:19,2
DA:20,2
DA:21,2
DA:22,2
DA:23,2
LF:11
LH:11
end_of_record
SF:lib\feature\maintenance_management\adapters\task_details_model_adapter.dart
DA:5,2
DA:6,2
DA:7,2
DA:8,2
DA:9,2
DA:10,2
DA:11,2
DA:12,2
DA:13,2
DA:14,2
DA:15,2
DA:16,2
DA:17,2
DA:18,2
DA:19,2
DA:20,2
DA:21,2
DA:22,2
DA:23,2
DA:24,1
DA:25,2
DA:26,2
DA:27,2
DA:28,2
DA:31,2
DA:32,1
DA:33,2
DA:34,2
DA:35,2
DA:36,2
DA:39,4
DA:40,4
DA:41,2
DA:42,2
DA:43,2
DA:44,2
DA:45,2
DA:46,2
DA:47,2
DA:48,2
DA:49,2
DA:50,2
DA:51,4
DA:52,2
DA:53,1
DA:54,2
DA:55,2
DA:58,4
DA:59,2
DA:60,1
DA:61,2
DA:62,2
DA:65,2
DA:69,2
DA:75,1
DA:76,1
DA:77,1
DA:78,1
DA:79,1
DA:80,1
DA:81,1
DA:82,1
DA:83,1
DA:84,1
DA:85,1
DA:86,1
DA:87,2
DA:88,2
DA:89,2
DA:92,1
DA:93,1
DA:94,2
DA:95,2
DA:96,2
DA:97,2
DA:103,2
DA:109,1
DA:110,1
DA:111,1
DA:112,1
DA:116,2
DA:121,1
DA:122,1
DA:123,1
DA:124,1
DA:125,1
DA:126,1
DA:127,1
DA:128,1
DA:129,2
DA:130,2
DA:131,2
DA:132,2
DA:133,2
DA:134,2
DA:137,1
DA:138,1
DA:139,2
DA:140,2
DA:141,2
DA:142,2
DA:145,1
DA:146,1
DA:147,2
DA:148,2
DA:149,2
DA:150,2
DA:156,2
DA:162,1
DA:163,1
DA:164,1
DA:165,1
DA:166,1
DA:167,1
DA:168,1
DA:169,1
DA:170,1
DA:171,1
DA:172,1
DA:173,1
DA:174,1
DA:175,1
DA:176,1
DA:177,1
DA:178,1
DA:179,1
DA:180,1
DA:181,1
DA:182,1
DA:183,1
DA:184,1
DA:185,1
DA:186,1
DA:187,1
DA:188,0
DA:189,0
DA:190,0
DA:191,0
LF:138
LH:134
end_of_record
SF:lib\feature\maintenance_management\adapters\task_files_model_adapter.dart
DA:5,2
DA:6,2
DA:7,2
DA:8,6
DA:9,2
DA:10,2
DA:11,2
DA:12,2
DA:13,2
DA:14,2
DA:15,2
DA:16,2
DA:17,2
DA:18,2
DA:20,2
LF:15
LH:15
end_of_record
SF:lib\feature\maintenance_management\adapters\task_formularies_model_adapter.dart
DA:5,2
DA:7,2
DA:8,2
DA:9,6
DA:10,2
DA:11,2
DA:12,2
DA:13,2
DA:14,2
DA:15,2
DA:16,2
DA:17,2
DA:18,2
DA:19,2
DA:21,2
LF:15
LH:15
end_of_record
SF:lib\feature\maintenance_management\data\adapter\create_task_adapter.dart
DA:6,2
DA:7,2
DA:8,2
DA:9,2
DA:10,2
DA:11,2
DA:12,2
DA:13,2
DA:14,2
DA:15,2
DA:16,2
DA:17,1
DA:18,2
DA:19,2
DA:25,2
DA:26,2
DA:27,2
DA:28,2
LF:18
LH:18
end_of_record
SF:lib\feature\maintenance_management\data\adapter\delete_schedule_event_adapter.dart
DA:6,2
DA:8,2
DA:9,2
DA:10,2
DA:14,2
DA:16,2
DA:17,2
DA:18,2
LF:8
LH:8
end_of_record
SF:lib\feature\maintenance_management\data\adapter\edit_schedule_event_adapter.dart
DA:5,2
DA:7,2
DA:8,2
DA:9,2
DA:10,2
DA:11,2
DA:12,2
DA:13,2
DA:14,2
DA:15,2
DA:16,2
DA:17,2
DA:18,2
DA:19,2
DA:20,2
DA:21,2
DA:22,1
DA:23,2
DA:24,2
DA:30,2
DA:31,2
DA:32,2
DA:33,2
DA:34,2
LF:24
LH:24
end_of_record
SF:lib\feature\maintenance_management\data\adapter\event_details_model_adapter.dart
DA:5,2
DA:6,2
DA:7,2
DA:8,2
DA:9,2
DA:11,2
DA:12,2
DA:17,1
DA:19,1
DA:20,1
DA:21,1
DA:22,1
DA:23,1
DA:24,1
DA:25,1
DA:26,1
DA:27,1
DA:28,1
DA:29,1
DA:30,1
DA:31,1
DA:32,1
DA:33,1
DA:34,2
DA:39,1
DA:40,1
DA:41,1
DA:42,1
DA:43,1
DA:44,1
DA:45,1
DA:46,1
DA:47,1
DA:48,1
DA:49,3
DA:53,1
DA:54,1
DA:55,1
DA:56,1
DA:57,1
DA:58,1
DA:59,1
DA:60,1
DA:61,1
DA:62,1
DA:63,1
DA:64,3
DA:65,3
DA:69,1
DA:70,1
DA:71,1
DA:72,1
DA:73,1
DA:74,1
DA:75,1
DA:76,1
DA:80,1
DA:81,1
DA:82,1
DA:83,3
DA:87,1
DA:88,1
DA:89,1
DA:90,1
DA:91,1
DA:95,1
DA:97,1
DA:98,1
LF:68
LH:68
end_of_record
SF:lib\feature\maintenance_management\data\adapter\schedule_events_detail_model_adapter.dart
DA:5,2
DA:7,2
DA:8,2
DA:9,2
DA:10,2
DA:11,2
DA:12,2
DA:13,2
DA:14,4
DA:15,6
DA:16,2
DA:17,2
DA:18,2
DA:19,2
DA:20,2
DA:21,2
DA:23,2
DA:26,2
DA:27,2
DA:29,2
DA:30,2
DA:33,2
DA:34,2
DA:35,2
DA:36,2
DA:38,2
DA:41,4
DA:42,2
DA:43,4
DA:44,2
DA:45,2
DA:46,2
DA:47,2
DA:48,2
DA:49,2
DA:50,2
DA:51,2
DA:52,2
DA:55,2
DA:57,2
DA:58,2
DA:62,2
DA:63,2
DA:64,16
LF:44
LH:44
end_of_record
SF:lib\feature\maintenance_management\data\adapter\schedule_events_model_adapter.dart
DA:10,1
DA:11,1
DA:12,1
DA:13,1
DA:14,1
DA:15,1
DA:22,1
DA:23,1
DA:24,1
DA:25,1
DA:26,1
DA:27,1
DA:34,1
DA:35,1
DA:36,1
DA:37,1
DA:38,2
DA:39,5
DA:40,1
DA:41,1
DA:49,1
DA:50,1
DA:51,1
DA:52,1
DA:53,3
DA:54,6
DA:55,1
DA:56,1
DA:63,1
DA:64,1
DA:65,1
DA:66,1
DA:67,1
DA:68,1
DA:69,1
DA:70,1
DA:71,1
DA:72,1
DA:73,1
DA:74,1
DA:75,1
DA:76,1
DA:77,1
DA:78,1
DA:79,1
DA:80,1
DA:81,1
LF:47
LH:47
end_of_record
SF:lib\feature\maintenance_management\data\adapter\submit_form_adapter.dart
DA:7,2
DA:8,2
DA:9,2
DA:10,4
DA:11,4
DA:13,2
DA:14,2
DA:15,2
DA:16,4
DA:24,2
DA:25,2
DA:26,2
DA:27,2
DA:28,2
DA:33,2
DA:38,2
DA:39,1
DA:40,1
DA:41,1
DA:42,1
DA:43,1
DA:44,1
DA:45,1
DA:46,1
DA:47,1
DA:48,1
DA:49,1
DA:53,2
DA:54,3
DA:55,1
DA:56,1
DA:57,1
DA:58,1
DA:59,1
DA:60,1
DA:61,1
DA:62,1
DA:63,1
DA:64,1
DA:65,1
LF:40
LH:40
end_of_record
SF:lib\feature\maintenance_management\data\mapper\origin_answer_mapper.dart
DA:5,2
DA:6,2
DA:7,2
DA:8,2
DA:9,2
DA:15,1
DA:16,1
DA:17,1
DA:18,1
DA:19,1
LF:10
LH:10
end_of_record
SF:lib\feature\maintenance_management\data\model\create_task_response_model.dart
DA:13,4
DA:18,2
DA:19,2
DA:21,2
LF:4
LH:4
end_of_record
SF:lib\feature\maintenance_management\data\model\create_task_response_model.g.dart
DA:9,2
DA:11,2
DA:12,2
DA:13,2
DA:14,4
DA:15,2
DA:18,1
DA:20,1
DA:21,1
DA:22,1
LF:10
LH:10
end_of_record
SF:lib\feature\maintenance_management\data\model\delete_schedule_event_response_model.dart
DA:13,3
DA:18,2
DA:20,2
LF:3
LH:3
end_of_record
SF:lib\feature\maintenance_management\data\model\delete_schedule_event_response_model.g.dart
DA:9,2
DA:11,2
DA:12,2
DA:13,2
LF:4
LH:4
end_of_record
SF:lib\feature\maintenance_management\data\model\event_details_model.dart
DA:11,4
DA:17,2
DA:18,2
DA:20,2
DA:40,2
DA:57,1
DA:58,1
DA:60,2
DA:75,2
DA:87,1
DA:88,1
DA:90,2
DA:107,2
DA:121,1
DA:122,1
DA:124,2
DA:136,2
DA:145,1
DA:146,1
DA:148,2
DA:156,2
DA:161,1
DA:162,1
DA:164,2
DA:173,2
DA:179,1
DA:180,1
DA:182,2
DA:189,2
DA:193,1
DA:194,1
DA:196,2
LF:32
LH:32
end_of_record
SF:lib\feature\maintenance_management\data\model\event_details_model.g.dart
DA:9,2
DA:10,2
DA:11,2
DA:12,2
DA:14,1
DA:15,1
DA:16,2
DA:18,1
DA:19,1
DA:22,1
DA:23,1
DA:24,1
DA:25,2
DA:26,2
DA:29,1
DA:31,1
DA:32,1
DA:33,1
DA:34,1
DA:35,1
DA:36,1
DA:37,1
DA:38,1
DA:39,1
DA:40,1
DA:41,1
DA:42,1
DA:43,1
DA:44,1
DA:45,1
DA:47,2
DA:50,1
DA:52,1
DA:53,1
DA:54,1
DA:55,1
DA:56,1
DA:57,1
DA:58,1
DA:59,1
DA:60,1
DA:61,1
DA:62,1
DA:63,1
DA:64,1
DA:65,1
DA:66,2
DA:69,1
DA:70,1
DA:71,1
DA:72,1
DA:73,2
DA:74,1
DA:75,1
DA:76,1
DA:77,1
DA:78,1
DA:79,1
DA:80,3
DA:81,1
DA:84,1
DA:85,1
DA:86,1
DA:87,1
DA:88,1
DA:89,1
DA:90,1
DA:91,1
DA:92,1
DA:93,1
DA:94,5
DA:97,1
DA:98,1
DA:99,1
DA:100,1
DA:101,2
DA:102,1
DA:103,1
DA:104,1
DA:105,1
DA:106,1
DA:107,1
DA:108,1
DA:109,3
DA:110,1
DA:111,1
DA:112,3
DA:113,1
DA:116,1
DA:117,1
DA:118,1
DA:119,1
DA:120,1
DA:121,1
DA:122,1
DA:123,1
DA:124,1
DA:125,1
DA:126,1
DA:127,5
DA:128,5
DA:131,2
DA:132,1
DA:133,1
DA:134,2
DA:135,1
DA:136,1
DA:137,1
DA:140,1
DA:141,1
DA:142,1
DA:143,1
DA:144,1
DA:145,1
DA:146,1
DA:147,1
DA:150,1
DA:151,1
DA:152,1
DA:153,1
DA:154,3
DA:155,1
DA:158,1
DA:159,1
DA:160,1
DA:161,5
DA:164,2
DA:165,1
DA:166,1
DA:167,1
DA:170,1
DA:171,1
DA:172,1
DA:173,1
DA:174,1
DA:177,1
DA:179,1
DA:180,1
DA:183,1
DA:185,1
DA:186,1
LF:141
LH:141
end_of_record
SF:lib\feature\maintenance_management\data\model\maintenance_task_event_model.dart
DA:27,3
DA:48,1
DA:49,1
DA:51,2
LF:4
LH:4
end_of_record
SF:lib\feature\maintenance_management\data\model\maintenance_task_event_model.g.dart
DA:9,1
DA:11,1
DA:12,1
DA:13,1
DA:14,1
DA:15,1
DA:16,1
DA:17,1
DA:18,1
DA:19,1
DA:20,1
DA:21,1
DA:22,1
DA:23,1
DA:24,1
DA:25,1
DA:26,1
DA:27,1
DA:28,1
DA:29,1
DA:30,0
DA:31,0
DA:34,1
DA:36,1
DA:37,1
DA:38,1
DA:39,1
DA:40,1
DA:41,1
DA:42,1
DA:43,1
DA:44,1
DA:45,1
DA:46,1
DA:47,1
DA:48,1
DA:49,1
DA:50,1
DA:51,1
DA:52,1
DA:53,1
DA:54,1
LF:42
LH:40
end_of_record
SF:lib\feature\maintenance_management\data\model\maintenance_task_events_response_model.dart
DA:12,5
DA:17,2
DA:19,2
DA:21,1
DA:22,1
LF:5
LH:5
end_of_record
SF:lib\feature\maintenance_management\data\model\maintenance_task_events_response_model.g.dart
DA:9,2
DA:11,2
DA:12,2
DA:13,2
DA:14,2
DA:15,3
DA:16,1
DA:17,2
DA:20,1
DA:22,1
DA:23,1
DA:24,1
LF:12
LH:12
end_of_record
SF:lib\feature\maintenance_management\data\model\origin_answer_model.dart
DA:6,5
DA:12,2
DA:13,2
DA:14,2
DA:15,2
DA:16,2
DA:20,2
DA:21,2
DA:22,2
DA:23,2
DA:24,2
DA:28,1
DA:31,1
DA:32,3
DA:33,3
DA:34,3
DA:37,0
DA:38,0
LF:18
LH:16
end_of_record
SF:lib\feature\maintenance_management\data\model\schedule_event_task_model.dart
DA:23,3
DA:46,3
DA:47,3
DA:48,3
DA:49,3
DA:50,3
DA:51,3
DA:52,3
DA:53,3
DA:54,3
DA:55,3
DA:56,3
DA:57,3
DA:58,3
DA:59,3
DA:60,3
DA:61,3
DA:62,3
DA:63,3
DA:64,3
DA:65,3
DA:66,3
DA:67,3
DA:71,2
DA:72,2
DA:73,2
DA:74,2
DA:75,2
DA:76,2
DA:77,2
DA:78,2
DA:79,2
DA:80,2
DA:81,2
DA:82,2
DA:83,2
DA:84,2
DA:85,2
DA:86,2
DA:87,2
DA:88,2
DA:89,2
DA:90,2
DA:91,2
DA:92,2
LF:45
LH:45
end_of_record
SF:lib\feature\maintenance_management\data\model\schedule_events_detail_response_model.dart
DA:8,4
DA:22,4
DA:24,4
DA:26,1
DA:27,1
DA:33,4
DA:43,4
DA:44,4
DA:46,2
DA:51,4
DA:63,4
DA:64,4
DA:66,0
DA:71,4
DA:119,4
DA:120,4
DA:122,1
DA:123,1
DA:128,4
DA:150,4
DA:151,4
DA:153,2
LF:22
LH:21
end_of_record
SF:lib\feature\maintenance_management\data\model\schedule_events_detail_response_model.g.dart
DA:9,4
DA:11,4
DA:12,4
DA:13,4
DA:14,4
DA:15,4
DA:16,4
DA:17,8
DA:20,1
DA:22,1
DA:23,1
DA:24,1
DA:25,1
DA:26,1
DA:27,1
DA:30,4
DA:32,4
DA:33,4
DA:34,4
DA:35,4
DA:36,12
DA:38,4
DA:39,4
DA:40,12
DA:42,4
DA:43,0
DA:46,1
DA:48,1
DA:49,1
DA:50,1
DA:51,1
DA:54,4
DA:55,4
DA:56,8
DA:57,8
DA:58,8
DA:59,8
DA:62,0
DA:64,0
DA:65,0
DA:66,0
DA:67,0
DA:68,0
DA:71,4
DA:73,4
DA:74,4
DA:75,4
DA:76,4
DA:77,4
DA:78,4
DA:79,4
DA:80,4
DA:81,4
DA:82,4
DA:83,4
DA:84,4
DA:85,4
DA:86,4
DA:87,4
DA:88,4
DA:89,4
DA:90,4
DA:91,4
DA:92,4
DA:93,4
DA:94,4
DA:95,4
DA:98,1
DA:100,1
DA:101,1
DA:102,1
DA:103,1
DA:104,1
DA:105,1
DA:106,1
DA:107,1
DA:108,1
DA:109,1
DA:110,1
DA:111,1
DA:112,1
DA:113,1
DA:114,1
DA:115,1
DA:116,1
DA:117,1
DA:118,1
DA:119,1
DA:120,1
DA:121,1
DA:122,1
DA:125,4
DA:127,4
DA:128,4
DA:129,4
DA:130,8
DA:131,4
DA:132,4
DA:133,4
DA:134,4
DA:135,4
DA:136,4
DA:139,1
DA:141,1
DA:142,1
DA:143,1
DA:144,1
DA:145,1
DA:146,1
DA:147,1
DA:148,1
DA:149,1
DA:150,1
LF:113
LH:106
end_of_record
SF:lib\feature\maintenance_management\data\model\schedule_events_response_model.dart
DA:11,2
DA:19,2
DA:20,2
DA:21,2
DA:22,2
DA:23,2
DA:24,2
DA:25,2
DA:27,2
DA:28,2
DA:32,1
DA:33,1
DA:34,1
DA:35,1
DA:36,2
DA:37,1
DA:38,1
DA:42,6
DA:43,6
DA:50,2
DA:55,2
DA:56,2
DA:57,2
DA:58,2
DA:59,2
DA:61,2
DA:62,2
DA:63,4
DA:64,2
DA:68,1
DA:69,1
DA:70,2
DA:71,5
LF:33
LH:33
end_of_record
SF:lib\feature\maintenance_management\data\model\submit_form_response_model.dart
DA:14,4
DA:20,2
DA:21,2
DA:23,2
LF:4
LH:4
end_of_record
SF:lib\feature\maintenance_management\data\model\submit_form_response_model.g.dart
DA:9,2
DA:11,2
DA:12,2
DA:13,2
DA:14,2
DA:17,1
DA:19,1
DA:20,1
DA:21,1
DA:22,1
LF:10
LH:10
end_of_record
SF:lib\feature\maintenance_management\data\model\task_by_sector_response_model.dart
DA:11,4
DA:15,4
DA:16,4
DA:18,0
LF:4
LH:3
end_of_record
SF:lib\feature\maintenance_management\data\model\task_by_sector_response_model.g.dart
DA:9,4
DA:11,4
DA:12,4
DA:13,12
DA:14,4
DA:17,0
DA:19,0
DA:20,0
LF:8
LH:5
end_of_record
SF:lib\feature\maintenance_management\data\model\task_details_model.dart
DA:76,4
DA:115,4
DA:116,4
DA:118,2
DA:128,2
DA:135,2
DA:136,2
DA:138,2
DA:166,2
DA:180,2
DA:181,2
DA:183,2
DA:193,2
DA:199,2
DA:200,2
DA:202,2
DA:211,2
DA:216,2
DA:217,2
DA:219,2
DA:239,2
DA:250,2
DA:251,2
DA:253,2
DA:263,2
DA:270,2
DA:271,2
DA:273,2
DA:320,2
DA:348,2
DA:349,2
DA:351,2
DA:366,2
DA:375,2
DA:376,2
DA:378,2
DA:386,2
DA:391,2
DA:392,2
DA:394,2
LF:40
LH:40
end_of_record
SF:lib\feature\maintenance_management\data\model\task_details_model.g.dart
DA:9,4
DA:10,4
DA:11,4
DA:12,4
DA:13,4
DA:14,4
DA:15,4
DA:16,4
DA:17,4
DA:18,4
DA:19,4
DA:20,4
DA:21,4
DA:22,4
DA:23,4
DA:24,4
DA:25,4
DA:26,4
DA:28,2
DA:29,2
DA:30,4
DA:32,2
DA:33,2
DA:34,4
DA:36,2
DA:37,2
DA:38,4
DA:40,2
DA:41,2
DA:42,4
DA:43,4
DA:44,4
DA:45,4
DA:46,4
DA:47,4
DA:48,4
DA:49,4
DA:50,4
DA:51,4
DA:52,4
DA:53,4
DA:55,2
DA:56,2
DA:57,4
DA:59,2
DA:60,2
DA:61,4
DA:63,4
DA:64,4
DA:66,2
DA:67,2
DA:68,4
DA:69,4
DA:72,1
DA:73,1
DA:74,1
DA:75,1
DA:76,1
DA:77,1
DA:78,1
DA:79,1
DA:80,1
DA:81,1
DA:82,1
DA:83,1
DA:84,1
DA:85,1
DA:86,1
DA:87,1
DA:88,1
DA:89,1
DA:90,1
DA:91,1
DA:92,1
DA:93,1
DA:94,1
DA:95,1
DA:96,1
DA:97,1
DA:98,1
DA:99,1
DA:100,1
DA:101,1
DA:102,1
DA:103,1
DA:104,1
DA:105,1
DA:106,1
DA:107,1
DA:108,1
DA:109,1
DA:112,2
DA:114,2
DA:115,2
DA:116,2
DA:117,2
DA:118,2
DA:121,1
DA:123,1
DA:124,1
DA:125,1
DA:126,1
DA:127,1
DA:130,2
DA:132,2
DA:133,2
DA:134,2
DA:135,2
DA:136,2
DA:137,2
DA:138,2
DA:139,2
DA:140,2
DA:141,2
DA:142,2
DA:144,2
DA:145,2
DA:146,2
DA:148,2
DA:149,2
DA:152,1
DA:154,1
DA:155,1
DA:156,1
DA:157,1
DA:158,1
DA:159,1
DA:160,1
DA:161,1
DA:162,1
DA:163,1
DA:164,1
DA:165,1
DA:168,2
DA:170,2
DA:171,2
DA:172,2
DA:173,2
DA:176,1
DA:178,1
DA:179,1
DA:180,1
DA:181,1
DA:184,2
DA:186,2
DA:187,2
DA:189,8
DA:192,1
DA:194,1
DA:195,1
DA:196,1
DA:199,2
DA:201,2
DA:202,2
DA:203,2
DA:204,2
DA:205,2
DA:206,2
DA:207,2
DA:209,2
DA:210,2
DA:211,2
DA:213,2
DA:214,2
DA:215,2
DA:217,2
DA:218,2
DA:221,1
DA:223,1
DA:224,1
DA:225,1
DA:226,1
DA:227,1
DA:228,1
DA:229,1
DA:230,1
DA:231,1
DA:234,2
DA:236,2
DA:237,2
DA:238,2
DA:239,4
DA:240,2
DA:243,1
DA:245,1
DA:246,1
DA:247,1
DA:248,1
DA:249,1
DA:252,2
DA:254,2
DA:255,2
DA:256,2
DA:257,2
DA:258,2
DA:259,2
DA:260,2
DA:261,2
DA:262,2
DA:263,2
DA:264,2
DA:265,2
DA:266,2
DA:267,2
DA:268,2
DA:269,2
DA:270,2
DA:271,2
DA:272,2
DA:273,2
DA:274,2
DA:275,2
DA:276,2
DA:277,2
DA:278,2
DA:279,2
DA:281,0
DA:282,0
DA:285,1
DA:287,1
DA:288,1
DA:289,1
DA:290,1
DA:291,1
DA:292,1
DA:293,1
DA:294,1
DA:295,1
DA:296,1
DA:297,1
DA:298,1
DA:299,1
DA:300,1
DA:301,1
DA:302,1
DA:303,1
DA:304,1
DA:305,1
DA:306,1
DA:307,1
DA:308,1
DA:309,1
DA:310,1
DA:311,1
DA:312,1
DA:315,2
DA:317,2
DA:318,2
DA:319,2
DA:320,2
DA:321,2
DA:322,2
DA:323,2
DA:326,1
DA:328,1
DA:329,1
DA:330,1
DA:331,1
DA:332,1
DA:333,1
DA:334,1
DA:337,2
DA:339,2
DA:340,2
DA:341,2
DA:344,1
DA:346,1
DA:347,1
DA:348,1
LF:269
LH:267
end_of_record
SF:lib\feature\maintenance_management\data\model\task_files_model.dart
DA:9,4
DA:11,4
DA:12,4
DA:14,2
DA:36,4
DA:49,4
DA:50,4
DA:52,2
LF:8
LH:8
end_of_record
SF:lib\feature\maintenance_management\data\model\task_files_model.g.dart
DA:9,4
DA:11,4
DA:12,4
DA:13,12
DA:14,4
DA:17,1
DA:19,1
DA:20,1
DA:23,4
DA:24,4
DA:25,4
DA:26,4
DA:27,4
DA:28,4
DA:29,4
DA:30,4
DA:31,4
DA:32,4
DA:33,4
DA:34,4
DA:37,1
DA:38,1
DA:39,1
DA:40,1
DA:41,1
DA:42,1
DA:43,1
DA:44,1
DA:45,1
DA:46,1
DA:47,1
DA:48,1
LF:32
LH:32
end_of_record
SF:lib\feature\maintenance_management\data\model\task_formularies_model.dart
DA:9,4
DA:11,4
DA:12,4
DA:14,2
DA:36,4
DA:49,4
DA:50,4
DA:52,2
LF:8
LH:8
end_of_record
SF:lib\feature\maintenance_management\data\model\task_formularies_model.g.dart
DA:9,4
DA:11,4
DA:12,4
DA:13,12
DA:14,4
DA:17,1
DA:19,1
DA:20,1
DA:23,4
DA:24,4
DA:25,4
DA:26,4
DA:27,4
DA:28,4
DA:29,4
DA:30,8
DA:31,4
DA:32,4
DA:33,4
DA:34,4
DA:37,1
DA:38,1
DA:39,1
DA:40,1
DA:41,1
DA:42,1
DA:43,1
DA:44,1
DA:45,1
DA:46,1
DA:47,1
DA:48,1
LF:32
LH:32
end_of_record
SF:lib\feature\maintenance_management\domain\entity\create_task_entity.dart
DA:5,1
DA:23,3
DA:40,3
LF:3
LH:3
end_of_record
SF:lib\feature\maintenance_management\domain\entity\delete_schedule_event_entity.dart
DA:7,1
DA:12,0
DA:13,0
DA:20,2
DA:25,1
DA:26,3
LF:6
LH:4
end_of_record
SF:lib\feature\maintenance_management\domain\entity\edit_schedule_event_entity.dart
DA:17,3
DA:39,1
DA:50,3
LF:3
LH:3
end_of_record
SF:lib\feature\maintenance_management\domain\entity\origin_answer_entity.dart
DA:6,3
DA:12,1
DA:15,1
DA:16,3
DA:17,3
DA:18,3
DA:21,1
DA:22,8
LF:8
LH:8
end_of_record
SF:lib\feature\maintenance_management\domain\entity\submit_form_entity.dart
DA:13,1
DA:32,2
DA:43,3
DA:54,3
LF:4
LH:4
end_of_record
SF:lib\feature\maintenance_management\presentation\home\bloc\maintenance_management_last_week\maintenance_management_last_week_state.dart
DA:10,4
DA:12,1
DA:13,1
DA:31,4
DA:40,2
DA:41,2
DA:42,2
DA:43,2
DA:44,2
DA:45,2
DA:46,2
DA:47,2
DA:50,4
DA:58,4
DA:59,3
DA:60,3
DA:61,3
DA:62,2
DA:63,3
DA:64,3
DA:73,1
DA:75,2
DA:76,4
DA:88,2
DA:98,1
DA:100,8
LF:26
LH:26
end_of_record
SF:lib\feature\maintenance_management\domain\entity\maintenance_task_event_entity.dart
DA:23,7
DA:47,2
DA:48,3
DA:49,3
LF:4
LH:4
end_of_record
SF:lib\feature\maintenance_management\domain\entity\maintenance_task_events_response_entity.dart
DA:8,7
DA:14,4
LF:2
LH:2
end_of_record
SF:lib\feature\maintenance_management\domain\entity\schedule_event_task_entity.dart
DA:20,11
DA:40,3
DA:41,3
DA:42,3
DA:43,3
DA:44,3
DA:45,3
DA:46,3
DA:47,3
DA:48,3
DA:49,3
DA:50,3
DA:51,3
DA:52,3
DA:53,3
DA:54,3
DA:55,3
DA:56,3
DA:57,3
DA:58,3
DA:62,3
DA:63,3
DA:64,3
DA:65,3
DA:66,3
DA:67,3
DA:68,3
DA:69,3
DA:70,3
DA:71,3
DA:72,3
DA:73,3
DA:74,3
DA:75,3
DA:76,3
DA:77,3
DA:78,3
DA:79,3
DA:80,3
DA:84,2
DA:87,1
DA:88,3
DA:89,3
DA:90,3
DA:91,3
DA:92,3
DA:93,3
DA:94,3
DA:95,3
DA:96,3
DA:97,3
DA:98,3
DA:99,3
DA:100,3
DA:101,3
DA:102,3
DA:103,3
DA:104,3
DA:105,3
DA:107,1
DA:109,3
DA:110,3
DA:111,3
DA:112,3
DA:113,3
DA:114,3
DA:115,3
DA:116,3
DA:117,3
DA:118,3
DA:119,3
DA:120,3
DA:121,3
DA:122,3
DA:123,3
DA:124,3
DA:125,2
DA:127,2
DA:129,10
LF:79
LH:79
end_of_record
SF:lib\feature\maintenance_management\data\model\task_by_sector_data_model.dart
DA:19,5
DA:26,5
DA:27,5
DA:29,2
LF:4
LH:4
end_of_record
SF:lib\feature\maintenance_management\data\model\task_by_sector_data_model.g.dart
DA:9,5
DA:11,5
DA:12,5
DA:13,5
DA:14,10
DA:15,5
DA:18,1
DA:20,1
DA:21,1
DA:22,1
DA:23,1
DA:24,1
LF:12
LH:12
end_of_record
SF:lib\feature\maintenance_management\domain\entity\task_by_sector_entity.dart
DA:9,2
DA:16,0
DA:17,0
DA:23,2
DA:27,1
DA:28,2
LF:6
LH:4
end_of_record
SF:lib\feature\maintenance_management\domain\entity\task_details_entity.dart
DA:43,4
DA:85,2
DA:87,1
DA:88,3
DA:97,2
DA:111,1
DA:146,1
DA:188,1
DA:208,1
DA:219,2
DA:224,4
DA:225,4
DA:238,2
DA:258,1
DA:272,1
LF:15
LH:15
end_of_record
SF:lib\feature\maintenance_management\domain\entity\task_files_entity.dart
DA:4,3
DA:19,2
LF:2
LH:2
end_of_record
SF:lib\feature\maintenance_management\domain\entity\task_formularies_entity.dart
DA:4,3
DA:19,2
LF:2
LH:2
end_of_record
SF:lib\feature\maintenance_management\data\model\create_task_request_model.dart
DA:10,2
DA:15,1
DA:16,1
DA:18,0
DA:34,4
DA:46,1
DA:47,1
DA:49,4
LF:8
LH:7
end_of_record
SF:lib\feature\maintenance_management\data\model\create_task_request_model.g.dart
DA:9,2
DA:10,1
DA:12,4
DA:15,0
DA:16,0
DA:17,0
DA:18,0
DA:21,1
DA:23,1
DA:24,1
DA:25,1
DA:26,1
DA:27,1
DA:28,1
DA:29,1
DA:30,1
DA:31,1
DA:32,1
DA:34,2
DA:37,2
DA:39,2
DA:40,4
DA:41,4
DA:42,2
DA:43,4
DA:44,4
DA:45,4
DA:46,4
DA:47,4
DA:48,4
LF:30
LH:26
end_of_record
SF:lib\feature\maintenance_management\data\model\delete_schedule_event_request_model.dart
DA:13,3
DA:18,1
DA:19,1
LF:3
LH:3
end_of_record
SF:lib\feature\maintenance_management\data\model\delete_schedule_event_request_model.g.dart
DA:9,1
DA:11,1
DA:12,1
DA:13,1
LF:4
LH:4
end_of_record
SF:lib\feature\maintenance_management\data\model\edit_schedule_event_request_model.dart
DA:49,4
DA:66,1
DA:67,1
DA:69,4
DA:80,2
DA:85,1
DA:86,1
DA:88,0
LF:8
LH:7
end_of_record
SF:lib\feature\maintenance_management\data\model\edit_schedule_event_request_model.g.dart
DA:9,1
DA:11,1
DA:12,1
DA:13,1
DA:14,1
DA:15,1
DA:16,1
DA:17,1
DA:18,1
DA:19,1
DA:20,1
DA:21,1
DA:22,1
DA:23,1
DA:24,1
DA:25,1
DA:27,1
DA:28,1
DA:31,2
DA:33,2
DA:34,2
DA:35,2
DA:36,2
DA:37,2
DA:38,2
DA:39,2
DA:40,2
DA:41,2
DA:42,2
DA:43,2
DA:44,2
DA:45,2
DA:46,2
DA:47,2
DA:50,1
DA:52,1
DA:53,1
DA:55,4
DA:58,0
DA:60,0
DA:61,0
DA:62,0
LF:42
LH:38
end_of_record
SF:lib\feature\maintenance_management\domain\entity\event_details_entity.dart
DA:6,3
DA:29,1
DA:58,1
DA:84,11
DA:107,11
DA:121,1
DA:132,1
DA:142,1
LF:8
LH:8
end_of_record
SF:lib\feature\maintenance_management\domain\entity\schedule_events_detail_response_entity.dart
DA:4,8
DA:18,2
DA:19,2
DA:20,2
DA:21,2
DA:22,2
DA:23,2
DA:24,2
DA:29,8
DA:37,1
DA:38,3
DA:42,8
DA:50,1
DA:51,3
DA:55,7
DA:101,1
DA:102,1
DA:103,1
DA:104,1
DA:105,1
DA:106,1
DA:107,1
DA:108,1
DA:109,1
DA:110,1
DA:111,1
DA:112,1
DA:113,1
DA:114,1
DA:115,1
DA:116,1
DA:117,1
DA:118,1
DA:119,1
DA:120,1
DA:121,1
DA:122,1
DA:123,1
DA:128,2
DA:150,1
DA:151,1
DA:152,1
DA:153,1
DA:154,1
DA:155,1
DA:156,1
DA:157,1
DA:158,1
DA:159,1
DA:160,1
LF:50
LH:50
end_of_record
SF:lib\feature\maintenance_management\domain\entity\schedule_events_response_entity.dart
DA:24,4
DA:33,2
DA:34,2
DA:37,2
DA:38,2
DA:39,2
DA:40,2
DA:41,2
DA:42,2
DA:43,2
DA:44,2
DA:48,2
DA:49,2
DA:50,2
DA:52,2
DA:53,4
DA:54,2
DA:55,2
DA:56,1
DA:57,2
DA:58,2
DA:62,3
DA:63,3
DA:64,3
DA:65,3
DA:66,3
DA:67,5
DA:68,4
DA:69,4
DA:70,4
DA:71,4
DA:72,4
DA:74,13
DA:76,3
DA:77,3
DA:81,2
DA:84,1
DA:85,3
DA:86,3
DA:87,3
DA:88,3
DA:89,3
DA:90,3
DA:91,3
DA:93,1
DA:95,3
DA:96,3
DA:97,3
DA:98,3
DA:99,3
DA:100,2
DA:102,2
DA:104,10
LF:53
LH:53
end_of_record
SF:lib\feature\maintenance_management\data\model\submit_form_request_model.dart
DA:24,3
DA:37,1
DA:38,1
DA:40,2
DA:50,5
DA:56,2
DA:57,2
DA:59,6
DA:68,5
DA:73,2
DA:74,2
DA:76,6
LF:12
LH:12
end_of_record
SF:lib\feature\maintenance_management\data\model\submit_form_request_model.g.dart
DA:9,1
DA:10,1
DA:11,1
DA:12,1
DA:13,1
DA:14,1
DA:15,1
DA:16,1
DA:17,1
DA:18,2
DA:19,2
DA:20,1
DA:23,1
DA:24,1
DA:25,1
DA:26,1
DA:27,1
DA:28,1
DA:29,1
DA:30,1
DA:31,1
DA:32,1
DA:33,1
DA:34,1
DA:37,4
DA:38,2
DA:39,2
DA:40,2
DA:43,3
DA:44,3
DA:45,3
DA:46,3
DA:47,3
DA:50,2
DA:52,2
DA:53,2
DA:54,4
DA:55,6
DA:59,3
DA:61,3
DA:62,3
DA:63,15
LF:42
LH:42
end_of_record
SF:lib\feature\maintenance_management\data\model\child_task_model.dart
DA:11,1
DA:16,1
DA:17,1
DA:19,2
LF:4
LH:4
end_of_record
SF:lib\feature\maintenance_management\data\model\child_task_model.g.dart
DA:9,1
DA:10,1
DA:11,1
DA:12,1
DA:14,1
DA:15,1
DA:18,1
DA:19,1
DA:20,1
DA:21,1
LF:10
LH:10
end_of_record
SF:lib\feature\maintenance_management\data\model\parent_schedule_event_model.dart
DA:10,1
DA:15,1
DA:16,1
DA:18,2
LF:4
LH:4
end_of_record
SF:lib\feature\maintenance_management\data\model\parent_schedule_event_model.g.dart
DA:9,1
DA:11,1
DA:12,1
DA:13,1
DA:16,1
DA:18,1
DA:19,1
DA:20,1
LF:8
LH:8
end_of_record
SF:lib\feature\maintenance_management\domain\entity\parent_schedule_event_entity.dart
DA:5,0
LF:1
LH:0
end_of_record
SF:lib\feature\maintenance_management\presentation\home\bloc\maintenance_management_last_week\maintenance_management_last_week_event.dart
DA:7,3
DA:9,0
DA:10,0
DA:17,3
DA:22,2
DA:23,6
DA:29,1
DA:31,1
DA:32,2
DA:38,1
DA:40,1
DA:41,2
LF:12
LH:10
end_of_record
SF:lib\feature\maintenance_management\api\maintenance_management_api.dart
DA:215,0
DA:216,0
LF:2
LH:0
end_of_record
SF:lib\feature\maintenance_management\data\data_source\maintenance_management_remote_data_source_impl.dart
DA:63,2
DA:65,2
DA:67,8
DA:68,2
DA:69,2
DA:70,1
DA:77,4
DA:78,2
DA:79,2
DA:81,2
DA:84,2
DA:86,1
DA:87,2
DA:93,2
DA:95,8
DA:96,2
DA:97,1
DA:98,2
DA:101,4
DA:103,4
DA:104,2
DA:105,2
DA:107,2
DA:108,1
DA:109,2
DA:115,1
DA:119,1
DA:120,1
DA:121,2
DA:122,2
DA:123,1
DA:124,1
DA:125,2
DA:126,3
DA:127,2
DA:129,3
DA:130,2
DA:132,3
DA:133,2
DA:135,1
DA:137,2
DA:138,1
DA:139,1
DA:140,2
DA:142,3
DA:147,1
DA:159,1
DA:160,1
DA:171,2
DA:172,1
DA:173,1
DA:174,2
DA:176,2
DA:177,3
DA:179,1
DA:181,2
DA:186,1
DA:190,5
DA:191,1
DA:192,1
DA:193,2
DA:195,3
DA:200,1
DA:202,4
DA:203,1
DA:204,1
DA:205,2
DA:207,3
DA:212,1
DA:214,4
DA:215,1
DA:216,1
DA:218,2
DA:221,1
DA:222,2
DA:227,3
DA:232,1
DA:234,2
DA:235,2
DA:236,1
DA:239,1
DA:240,2
DA:242,3
DA:244,1
DA:247,1
DA:250,1
DA:251,1
DA:252,1
DA:253,2
DA:256,2
DA:259,2
DA:262,2
DA:265,1
DA:267,2
DA:268,3
DA:271,1
DA:275,5
DA:276,1
DA:277,1
DA:278,2
DA:281,2
DA:283,1
DA:284,1
DA:285,1
DA:287,1
DA:288,1
DA:289,2
DA:295,2
DA:300,8
DA:304,4
DA:305,2
DA:306,2
DA:307,2
DA:313,3
DA:314,2
DA:318,4
DA:319,2
DA:320,2
DA:323,2
DA:324,2
DA:325,1
DA:326,1
DA:330,1
DA:334,1
DA:338,4
DA:342,2
DA:343,1
DA:344,2
DA:345,2
DA:351,2
DA:352,2
DA:353,1
DA:355,1
DA:356,1
DA:363,2
DA:364,2
DA:367,1
DA:369,1
DA:371,2
DA:380,1
DA:381,1
DA:382,1
DA:383,1
DA:384,1
DA:393,1
DA:399,4
DA:400,1
DA:401,1
DA:403,2
DA:406,1
DA:407,1
DA:408,1
DA:413,3
DA:418,2
DA:422,10
DA:423,2
DA:424,4
DA:425,2
DA:428,4
DA:429,2
DA:430,2
DA:432,2
DA:433,3
DA:440,1
DA:442,4
DA:443,1
DA:444,1
DA:445,2
DA:447,3
DA:452,1
DA:456,1
DA:458,4
DA:459,1
DA:460,1
DA:461,2
DA:463,1
DA:467,1
DA:468,3
DA:471,3
DA:474,3
DA:475,2
DA:476,1
DA:477,1
DA:478,1
DA:479,2
DA:481,1
DA:482,3
DA:484,1
DA:485,1
DA:486,2
DA:494,1
DA:496,2
DA:497,2
DA:501,1
DA:505,1
DA:507,4
DA:508,1
DA:509,1
DA:510,2
DA:512,1
DA:516,1
DA:517,3
DA:520,3
DA:523,3
DA:524,2
DA:525,1
DA:526,1
DA:527,1
DA:528,2
DA:530,1
DA:531,3
DA:533,1
DA:534,1
DA:535,2
DA:543,1
DA:545,2
DA:546,2
DA:550,1
DA:554,1
DA:556,4
DA:557,1
DA:558,1
DA:559,2
DA:561,1
DA:565,1
DA:566,3
DA:569,3
DA:572,3
DA:573,2
DA:574,1
DA:575,1
DA:576,1
DA:577,2
DA:579,1
DA:580,3
DA:582,1
DA:583,1
DA:584,2
DA:592,1
DA:594,2
DA:595,2
DA:599,1
DA:603,1
DA:605,4
DA:606,1
DA:607,1
DA:608,2
DA:610,1
DA:614,1
DA:615,3
DA:618,3
DA:621,3
DA:622,2
DA:623,1
DA:624,1
DA:625,1
DA:626,2
DA:628,1
DA:629,3
DA:631,1
DA:632,1
DA:633,2
DA:641,1
DA:643,2
DA:644,2
DA:648,1
DA:652,1
DA:654,4
DA:655,1
DA:656,1
DA:657,2
DA:659,1
DA:663,1
DA:664,3
DA:667,3
DA:670,3
DA:671,2
DA:672,1
DA:673,1
DA:674,1
DA:675,2
DA:677,1
DA:678,3
DA:680,1
DA:681,1
DA:682,2
DA:690,1
DA:692,2
DA:693,2
DA:697,1
DA:699,4
DA:700,1
DA:701,1
DA:702,2
DA:704,3
DA:709,1
DA:711,4
DA:712,1
DA:713,1
DA:714,2
DA:716,3
DA:721,1
DA:723,4
DA:724,1
DA:725,1
DA:726,2
DA:728,3
DA:733,1
DA:735,5
DA:736,1
DA:737,1
DA:738,2
DA:740,3
DA:745,1
DA:748,5
DA:749,1
DA:750,1
DA:751,2
DA:753,3
DA:758,1
DA:769,1
DA:770,2
DA:774,10
DA:776,10
DA:778,1
DA:779,1
DA:790,2
DA:791,1
DA:792,1
DA:794,1
DA:795,1
DA:797,1
DA:798,3
DA:799,1
DA:800,1
DA:804,1
DA:805,1
DA:806,1
DA:807,1
DA:812,1
DA:813,1
DA:815,1
DA:816,1
DA:817,1
DA:819,1
DA:820,1
DA:823,1
DA:826,1
DA:831,1
DA:832,2
DA:833,1
DA:834,1
DA:835,2
DA:836,1
DA:837,1
DA:838,2
DA:839,1
DA:841,1
DA:842,1
DA:843,1
DA:848,1
DA:852,1
DA:855,1
DA:860,1
DA:864,3
DA:869,1
DA:881,1
DA:882,1
DA:893,2
DA:894,1
DA:895,1
DA:896,2
DA:898,3
DA:903,1
DA:905,4
DA:906,1
DA:908,1
DA:909,2
DA:915,3
DA:917,2
DA:922,0
DA:923,0
DA:935,0
DA:936,0
DA:937,0
DA:946,1
DA:948,4
DA:949,1
DA:950,1
DA:951,2
DA:953,3
DA:958,1
DA:960,4
DA:961,1
DA:962,1
DA:963,2
DA:965,3
DA:970,1
DA:973,5
DA:974,1
DA:975,2
DA:977,3
DA:982,1
DA:985,1
DA:986,3
DA:987,2
DA:988,1
DA:989,2
DA:991,3
DA:996,1
DA:998,4
DA:999,1
DA:1000,1
DA:1001,2
DA:1003,3
DA:1008,1
DA:1011,2
DA:1013,2
DA:1015,1
DA:1016,1
DA:1017,1
DA:1020,2
DA:1023,1
DA:1024,2
DA:1027,2
DA:1031,1
DA:1034,5
DA:1035,1
DA:1037,1
DA:1038,2
DA:1044,3
DA:1049,1
DA:1053,2
DA:1055,2
DA:1057,1
DA:1058,1
DA:1060,1
DA:1061,1
DA:1064,1
DA:1065,2
DA:1068,2
DA:1072,1
DA:1086,1
DA:1087,1
DA:1100,2
DA:1101,1
DA:1102,1
DA:1104,2
DA:1107,3
DA:1112,1
DA:1116,5
DA:1117,1
DA:1118,1
DA:1120,2
DA:1123,3
DA:1128,1
DA:1135,1
DA:1136,1
DA:1137,2
DA:1138,1
DA:1139,1
DA:1141,2
DA:1144,3
DA:1149,1
DA:1153,5
DA:1154,1
DA:1158,3
DA:1161,1
DA:1163,1
DA:1164,1
DA:1166,1
DA:1167,1
DA:1180,3
DA:1185,1
DA:1189,5
DA:1190,1
DA:1191,1
DA:1193,2
DA:1196,3
DA:1201,1
DA:1203,2
LF:481
LH:476
end_of_record
SF:lib\feature\maintenance_management\data\exceptions\maintenance_management_api_exception.dart
DA:7,3
DA:9,1
DA:10,3
LF:3
LH:3
end_of_record
SF:lib\feature\maintenance_management\data\model\calendar_days_response_model.dart
DA:16,4
DA:22,3
DA:23,3
DA:25,2
DA:30,2
DA:32,4
DA:33,2
DA:37,6
DA:38,2
DA:39,1
DA:40,2
DA:41,1
DA:42,4
DA:43,1
DA:48,6
DA:49,2
DA:50,6
DA:51,4
DA:54,2
DA:55,4
DA:65,6
DA:67,2
DA:74,3
DA:79,3
DA:81,6
DA:82,3
DA:84,5
DA:85,4
DA:86,6
DA:87,6
DA:88,4
DA:89,4
DA:92,3
DA:93,3
DA:96,12
DA:97,3
DA:98,9
DA:112,3
DA:113,9
DA:114,3
DA:116,3
DA:118,3
DA:119,7
DA:121,3
DA:129,3
DA:131,3
DA:134,3
DA:135,3
DA:136,3
DA:137,3
DA:138,3
DA:139,3
DA:140,3
DA:141,3
DA:142,3
DA:143,3
DA:146,6
DA:148,3
DA:156,2
DA:157,2
DA:159,2
DA:160,2
DA:161,2
DA:162,1
DA:171,2
DA:173,2
DA:174,2
DA:175,2
DA:176,2
DA:177,10
DA:181,1
DA:183,1
DA:184,1
DA:185,1
DA:186,1
DA:187,3
DA:188,1
DA:192,2
DA:195,1
DA:196,3
DA:197,3
DA:198,3
DA:199,3
DA:201,2
DA:202,16
DA:204,1
DA:206,5
LF:87
LH:87
end_of_record
SF:lib\feature\maintenance_management\data\model\calendar_days_response_model.g.dart
DA:9,3
DA:11,2
DA:12,6
DA:13,6
DA:14,3
DA:15,6
DA:16,2
DA:19,1
DA:21,1
DA:22,1
DA:23,1
DA:24,1
LF:12
LH:12
end_of_record
SF:lib\feature\maintenance_management\data\model\chat\create_chat_channel_request_model.dart
DA:11,5
DA:16,2
DA:17,2
DA:19,8
DA:28,4
DA:33,3
DA:34,3
DA:36,2
DA:37,3
DA:40,3
DA:41,1
DA:42,1
DA:45,2
DA:47,3
DA:49,3
DA:52,2
LF:16
LH:16
end_of_record
SF:lib\feature\maintenance_management\data\model\chat\create_chat_channel_request_model.g.dart
DA:9,2
DA:11,2
DA:12,2
DA:13,2
DA:16,4
DA:18,4
DA:19,8
DA:20,7
DA:23,0
DA:25,0
DA:26,0
DA:29,1
DA:31,1
DA:32,1
LF:14
LH:11
end_of_record
SF:lib\feature\maintenance_management\data\model\chat\filter_chat_channels_request_model.dart
DA:17,5
DA:28,2
DA:29,2
DA:31,8
LF:4
LH:4
end_of_record
SF:lib\feature\maintenance_management\data\model\chat\filter_chat_channels_request_model.g.dart
DA:9,2
DA:11,2
DA:12,2
DA:13,2
DA:14,2
DA:15,2
DA:16,2
DA:17,2
DA:18,1
DA:19,2
DA:20,2
DA:21,1
DA:23,8
DA:24,2
DA:25,2
DA:26,1
DA:29,4
DA:31,4
DA:32,4
DA:33,4
DA:34,4
DA:35,4
DA:36,4
DA:37,4
DA:38,4
DA:39,4
LF:26
LH:26
end_of_record
SF:lib\feature\maintenance_management\data\model\chat\send_chat_message_request_model.dart
DA:13,5
DA:20,1
DA:21,1
DA:23,8
LF:4
LH:4
end_of_record
SF:lib\feature\maintenance_management\data\model\chat\send_chat_message_request_model.g.dart
DA:9,1
DA:11,1
DA:12,1
DA:13,1
DA:14,1
DA:15,1
DA:18,4
DA:20,4
DA:21,4
DA:22,4
DA:23,4
DA:24,4
LF:12
LH:12
end_of_record
SF:lib\feature\maintenance_management\data\model\efficiency_request_model.dart
DA:15,4
DA:25,1
DA:26,1
DA:28,2
DA:38,3
DA:45,1
DA:46,1
DA:48,2
LF:8
LH:8
end_of_record
SF:lib\feature\maintenance_management\data\model\efficiency_request_model.g.dart
DA:9,1
DA:11,1
DA:13,4
DA:14,1
DA:15,1
DA:16,1
DA:17,1
DA:18,1
DA:19,1
DA:20,1
DA:21,1
DA:22,1
DA:23,1
DA:24,1
DA:26,4
DA:29,1
DA:31,1
DA:32,1
DA:33,1
DA:34,1
DA:35,1
DA:36,1
DA:37,1
DA:38,1
DA:41,1
DA:43,1
DA:44,1
DA:45,1
DA:46,1
DA:47,1
DA:48,1
DA:51,1
DA:53,1
DA:54,1
DA:55,1
DA:56,1
DA:57,1
LF:37
LH:37
end_of_record
SF:lib\feature\maintenance_management\data\model\formulary_by_month_request_model.dart
DA:14,3
DA:23,1
DA:24,1
DA:26,2
DA:35,3
DA:41,1
DA:42,1
DA:44,2
LF:8
LH:8
end_of_record
SF:lib\feature\maintenance_management\data\model\formulary_by_month_request_model.g.dart
DA:9,1
DA:11,1
DA:13,4
DA:15,4
DA:16,1
DA:17,1
DA:18,1
DA:19,1
DA:21,3
DA:23,3
DA:26,1
DA:28,1
DA:29,1
DA:30,1
DA:31,1
DA:32,1
DA:33,1
DA:34,1
DA:37,1
DA:39,1
DA:40,1
DA:41,1
DA:42,1
DA:43,1
DA:46,1
DA:48,1
DA:49,1
DA:50,1
DA:51,1
LF:29
LH:29
end_of_record
SF:lib\feature\maintenance_management\data\model\maintenance_task_events_request_model.dart
DA:16,5
DA:27,1
DA:28,1
DA:30,2
DA:40,4
DA:47,1
DA:48,1
DA:50,2
LF:8
LH:8
end_of_record
SF:lib\feature\maintenance_management\data\model\maintenance_task_events_request_model.g.dart
DA:9,1
DA:12,1
DA:13,1
DA:14,2
DA:15,1
DA:16,1
DA:17,1
DA:18,1
DA:19,1
DA:20,1
DA:21,2
DA:22,1
DA:23,1
DA:24,1
DA:25,2
DA:26,1
DA:27,1
DA:28,2
DA:29,1
DA:30,1
DA:31,2
DA:32,1
DA:35,1
DA:37,1
DA:38,1
DA:39,1
DA:40,1
DA:41,1
DA:42,1
DA:43,1
DA:44,1
DA:45,1
DA:48,1
DA:50,1
DA:51,1
DA:52,1
DA:53,1
DA:54,1
DA:55,1
DA:58,1
DA:60,1
DA:61,1
DA:62,1
DA:63,1
DA:64,1
LF:45
LH:45
end_of_record
SF:lib\feature\maintenance_management\data\model\send_technical_inspection_email_request_model.dart
DA:6,3
DA:12,4
DA:13,2
DA:14,2
DA:15,2
LF:5
LH:5
end_of_record
SF:lib\feature\maintenance_management\data\model\task_by_asset_request_model.dart
DA:37,4
DA:50,2
DA:51,2
DA:53,4
DA:67,4
DA:73,1
DA:74,1
DA:76,4
LF:8
LH:8
end_of_record
SF:lib\feature\maintenance_management\data\model\task_by_asset_request_model.g.dart
DA:9,2
DA:11,2
DA:12,2
DA:13,2
DA:14,1
DA:15,2
DA:16,2
DA:17,1
DA:18,2
DA:19,2
DA:20,1
DA:21,2
DA:22,4
DA:23,2
DA:25,8
DA:26,2
DA:27,2
DA:28,2
DA:29,1
DA:30,2
DA:31,2
DA:32,1
DA:33,2
DA:34,2
DA:35,1
DA:36,2
DA:37,2
DA:38,1
DA:41,2
DA:43,2
DA:44,2
DA:45,2
DA:46,2
DA:47,2
DA:48,2
DA:49,2
DA:50,2
DA:51,2
DA:52,2
DA:53,2
DA:56,1
DA:58,1
DA:59,1
DA:60,1
DA:61,1
DA:63,1
DA:64,1
DA:67,2
DA:69,2
DA:70,2
DA:71,2
DA:72,2
LF:52
LH:52
end_of_record
SF:lib\feature\maintenance_management\data\model\task_by_local_request_model.dart
DA:37,4
DA:50,2
DA:51,2
DA:53,4
DA:67,4
DA:73,1
DA:74,1
DA:76,2
LF:8
LH:8
end_of_record
SF:lib\feature\maintenance_management\data\model\task_by_local_request_model.g.dart
DA:9,2
DA:11,2
DA:12,2
DA:13,2
DA:14,1
DA:15,2
DA:16,2
DA:17,1
DA:18,2
DA:19,4
DA:20,2
DA:21,2
DA:22,2
DA:23,1
DA:25,5
DA:26,2
DA:27,2
DA:28,2
DA:29,1
DA:30,2
DA:31,2
DA:32,1
DA:33,2
DA:34,2
DA:35,1
DA:36,2
DA:37,2
DA:38,1
DA:41,2
DA:43,2
DA:44,2
DA:45,2
DA:46,2
DA:47,2
DA:48,2
DA:49,2
DA:50,2
DA:51,2
DA:52,2
DA:53,2
DA:56,1
DA:58,1
DA:59,1
DA:60,1
DA:61,1
DA:63,1
DA:64,1
DA:67,1
DA:69,1
DA:70,1
DA:71,1
DA:72,1
LF:52
LH:52
end_of_record
SF:lib\feature\maintenance_management\data\model\task_by_month_request_model.dart
DA:18,3
DA:26,1
DA:27,1
DA:29,2
DA:41,3
DA:47,1
DA:48,1
DA:50,4
LF:8
LH:8
end_of_record
SF:lib\feature\maintenance_management\data\model\task_by_month_request_model.g.dart
DA:9,1
DA:11,1
DA:13,4
DA:15,4
DA:16,1
DA:17,2
DA:18,1
DA:20,4
DA:22,4
DA:25,1
DA:27,1
DA:28,1
DA:29,1
DA:30,1
DA:31,1
DA:32,1
DA:35,1
DA:37,1
DA:38,1
DA:39,1
DA:40,1
DA:41,1
DA:44,2
DA:46,2
DA:47,2
DA:48,2
DA:49,2
LF:27
LH:27
end_of_record
SF:lib\feature\maintenance_management\data\model\task_by_sector_request_model.dart
DA:37,5
DA:50,2
DA:51,2
DA:53,4
DA:67,5
DA:73,2
DA:74,2
DA:76,2
LF:8
LH:8
end_of_record
SF:lib\feature\maintenance_management\data\model\task_by_sector_request_model.g.dart
DA:9,2
DA:11,2
DA:12,2
DA:13,2
DA:14,1
DA:15,2
DA:16,2
DA:17,1
DA:18,2
DA:19,2
DA:20,1
DA:21,2
DA:22,2
DA:23,1
DA:25,5
DA:26,2
DA:27,2
DA:28,2
DA:29,1
DA:30,2
DA:31,2
DA:32,1
DA:33,2
DA:34,2
DA:35,1
DA:36,2
DA:37,4
DA:38,2
DA:41,2
DA:43,2
DA:44,2
DA:45,2
DA:46,2
DA:47,2
DA:48,2
DA:49,2
DA:50,2
DA:51,2
DA:52,2
DA:53,2
DA:56,2
DA:58,2
DA:59,2
DA:60,2
DA:61,2
DA:63,2
DA:64,2
DA:67,1
DA:69,1
DA:70,1
DA:71,1
DA:72,1
LF:52
LH:52
end_of_record
SF:lib\feature\maintenance_management\data\model\upload_legal_obligation_request_model.dart
DA:18,3
DA:26,1
DA:27,1
DA:29,4
LF:4
LH:4
end_of_record
SF:lib\feature\maintenance_management\data\model\upload_legal_obligation_request_model.g.dart
DA:9,1
DA:11,1
DA:12,1
DA:13,1
DA:14,1
DA:15,1
DA:16,1
DA:19,2
DA:21,2
DA:22,2
DA:23,2
DA:24,2
DA:25,2
DA:26,2
LF:14
LH:14
end_of_record
SF:lib\feature\access_management\data\model\url_upload_s3_model.dart
DA:11,5
DA:16,2
DA:17,2
DA:19,2
DA:21,4
DA:22,2
DA:23,2
DA:26,6
DA:27,3
DA:28,3
LF:10
LH:10
end_of_record
SF:lib\feature\access_management\data\model\url_upload_s3_model.g.dart
DA:9,2
DA:10,2
DA:11,2
DA:12,2
DA:15,1
DA:16,1
DA:17,1
DA:18,1
LF:8
LH:8
end_of_record
SF:lib\feature\maintenance_management\data\model\taskflow_event_model.dart
DA:11,2
DA:19,2
DA:20,2
DA:21,2
DA:22,2
DA:23,4
DA:24,2
DA:25,2
DA:29,1
DA:30,1
DA:31,1
DA:32,1
DA:33,2
DA:34,1
DA:35,1
DA:59,4
DA:79,2
DA:80,2
DA:81,2
DA:82,2
DA:83,2
DA:84,2
DA:85,2
DA:86,2
DA:87,2
DA:88,2
DA:89,2
DA:90,2
DA:91,2
DA:92,2
DA:93,2
DA:94,2
DA:95,2
DA:96,2
DA:97,2
DA:99,1
DA:103,2
DA:104,2
DA:106,2
DA:107,1
DA:108,2
DA:109,1
DA:110,1
DA:115,2
DA:116,2
DA:117,2
DA:118,2
DA:119,2
DA:120,2
DA:121,2
DA:122,2
DA:123,2
DA:124,2
DA:125,2
DA:126,2
DA:127,2
DA:128,2
DA:129,2
DA:130,2
DA:131,3
DA:132,3
DA:134,4
DA:145,2
DA:152,1
DA:153,1
DA:154,1
DA:155,1
DA:156,3
DA:157,1
DA:161,1
DA:165,1
DA:166,1
DA:168,3
DA:169,1
DA:170,1
DA:173,1
DA:174,1
DA:176,2
DA:177,1
DA:178,1
DA:191,1
DA:195,1
DA:196,1
DA:197,1
DA:198,1
DA:199,1
DA:200,1
DA:204,1
DA:205,2
DA:206,1
DA:207,3
DA:208,1
DA:210,1
DA:225,4
DA:237,2
DA:238,2
DA:239,2
DA:240,2
DA:241,2
DA:242,2
DA:243,2
DA:244,2
DA:245,2
DA:246,2
DA:247,6
DA:248,2
DA:249,2
DA:250,1
DA:251,2
DA:252,1
DA:253,1
DA:258,2
DA:259,2
DA:260,2
DA:261,2
DA:262,2
DA:263,2
DA:264,2
DA:265,2
DA:266,2
DA:267,8
DA:268,6
DA:285,3
DA:298,2
DA:299,2
DA:300,2
DA:301,2
DA:302,2
DA:303,2
DA:304,2
DA:305,2
DA:306,2
DA:307,2
DA:308,2
DA:309,2
DA:310,1
DA:311,3
DA:313,1
DA:318,1
DA:319,1
DA:320,1
DA:321,1
DA:322,1
DA:323,1
DA:324,1
DA:325,1
DA:326,1
DA:327,1
DA:328,1
DA:329,5
DA:342,2
DA:351,1
DA:352,1
DA:353,1
DA:354,1
DA:355,1
DA:356,1
DA:357,1
DA:358,1
DA:362,1
DA:363,1
DA:364,1
DA:365,1
DA:366,1
DA:367,1
DA:368,1
DA:369,1
DA:378,2
DA:383,1
DA:384,1
DA:385,1
DA:386,1
DA:387,3
DA:388,1
DA:392,1
DA:393,1
DA:394,1
DA:395,5
DA:405,2
DA:411,1
DA:412,1
DA:413,1
DA:414,1
DA:415,1
DA:419,1
DA:420,1
DA:421,1
DA:422,1
DA:423,1
DA:441,3
DA:455,3
DA:457,3
DA:458,9
DA:459,0
DA:461,3
DA:463,3
DA:464,3
DA:465,3
DA:466,3
DA:467,3
DA:468,3
DA:469,3
DA:470,3
DA:471,3
DA:472,3
DA:476,2
DA:477,2
DA:478,2
DA:479,2
DA:480,2
DA:481,2
DA:482,2
DA:483,2
DA:484,2
DA:485,2
DA:486,2
DA:487,2
DA:488,2
DA:500,2
DA:508,1
DA:509,1
DA:510,1
DA:511,1
DA:512,2
DA:513,1
DA:514,1
DA:518,1
DA:519,1
DA:520,1
DA:521,1
DA:522,2
DA:523,1
DA:524,1
DA:533,3
DA:538,1
DA:539,1
DA:540,1
DA:541,1
DA:542,1
DA:543,1
DA:548,1
DA:549,1
DA:550,1
DA:551,2
LF:244
LH:243
end_of_record
SF:lib\feature\maintenance_management\data\model\schedule_event_history_response_model.dart
DA:11,4
DA:17,4
DA:18,4
DA:20,2
DA:21,2
DA:42,4
DA:54,4
DA:55,4
DA:57,1
DA:58,1
DA:82,3
DA:95,3
DA:96,3
DA:98,1
DA:99,1
LF:15
LH:15
end_of_record
SF:lib\feature\maintenance_management\data\model\schedule_event_history_response_model.g.dart
DA:9,4
DA:11,4
DA:12,4
DA:13,4
DA:14,4
DA:16,4
DA:17,4
DA:20,2
DA:22,2
DA:23,2
DA:24,2
DA:25,2
DA:28,4
DA:30,4
DA:31,4
DA:32,4
DA:33,4
DA:34,4
DA:35,4
DA:36,4
DA:37,4
DA:38,4
DA:39,7
DA:40,3
DA:41,4
DA:42,4
DA:45,1
DA:47,1
DA:48,1
DA:49,1
DA:50,1
DA:51,1
DA:52,1
DA:53,1
DA:54,1
DA:55,1
DA:56,1
DA:59,3
DA:61,3
DA:62,3
DA:63,3
DA:64,3
DA:65,3
DA:66,3
DA:67,3
DA:68,3
DA:69,3
DA:70,3
DA:71,3
DA:74,1
DA:76,1
DA:77,1
DA:78,1
DA:79,1
DA:80,1
DA:81,1
DA:82,1
DA:83,1
DA:84,1
DA:85,1
DA:86,1
LF:61
LH:61
end_of_record
SF:lib\feature\maintenance_management\data\model\upload_legal_obligation_response_model.dart
DA:12,3
DA:18,2
DA:19,2
DA:21,2
LF:4
LH:4
end_of_record
SF:lib\feature\maintenance_management\data\model\upload_legal_obligation_response_model.g.dart
DA:9,2
DA:11,2
DA:12,2
DA:13,2
DA:14,2
DA:17,1
DA:19,1
DA:20,1
DA:21,1
DA:22,1
LF:10
LH:10
end_of_record
SF:lib\feature\maintenance_management\data\model\legal_obligation_notify_partner_result_model.dart
DA:6,1
LF:1
LH:1
end_of_record
SF:lib\feature\maintenance_management\data\model\calendar_day_model.dart
DA:14,5
DA:20,3
DA:21,3
DA:23,2
DA:26,3
DA:27,3
DA:28,3
DA:29,3
DA:30,3
DA:34,2
DA:35,2
DA:36,2
DA:37,2
DA:38,2
DA:42,1
DA:45,1
DA:46,3
DA:47,3
DA:48,3
DA:49,3
DA:51,1
DA:52,8
DA:54,1
DA:56,4
LF:24
LH:24
end_of_record
SF:lib\feature\maintenance_management\data\model\calendar_day_model.g.dart
DA:9,3
DA:10,3
DA:11,6
DA:12,3
DA:13,6
DA:16,1
DA:17,1
DA:18,1
DA:19,1
DA:20,1
LF:10
LH:10
end_of_record
SF:lib\feature\maintenance_management\domain\entity\calendar_day_entity.dart
DA:12,7
DA:18,2
DA:21,1
DA:22,3
DA:23,3
DA:24,3
DA:25,3
DA:27,1
DA:28,8
DA:30,2
DA:32,8
LF:11
LH:11
end_of_record
SF:lib\feature\maintenance_management\domain\entity\calendar_days_response_entity.dart
DA:14,4
DA:21,4
DA:22,4
DA:23,20
DA:27,4
DA:28,8
DA:29,12
DA:30,3
DA:33,4
DA:36,3
DA:39,1
DA:40,3
DA:41,3
DA:42,3
DA:43,3
DA:45,2
DA:46,16
DA:48,2
DA:50,10
LF:19
LH:19
end_of_record
SF:lib\feature\gdp\timesheet\data\model\timesheet_signature_model.dart
DA:13,3
DA:20,1
DA:21,1
DA:23,2
DA:25,2
DA:29,2
DA:30,2
DA:31,2
DA:32,2
DA:33,2
DA:36,2
DA:37,1
DA:38,1
DA:39,1
DA:40,1
LF:15
LH:15
end_of_record
SF:lib\feature\gdp\timesheet\data\model\timesheet_signature_model.g.dart
DA:9,1
DA:11,1
DA:12,2
DA:13,1
DA:14,1
DA:15,1
DA:18,1
DA:20,1
DA:21,1
DA:22,1
DA:23,1
DA:24,1
LF:12
LH:12
end_of_record
SF:lib\feature\gdp\timesheet\data\model\timesheet_signature_request_model.dart
DA:10,2
DA:14,1
DA:15,1
DA:17,2
LF:4
LH:4
end_of_record
SF:lib\feature\gdp\timesheet\data\model\timesheet_signature_request_model.g.dart
DA:9,1
DA:11,1
DA:12,1
DA:13,2
DA:14,1
DA:15,1
DA:18,1
DA:20,1
DA:21,1
LF:9
LH:9
end_of_record
SF:lib\feature\gdp\timesheet\domain\entity\timesheet_signature_entity.dart
DA:7,2
LF:1
LH:1
end_of_record
SF:lib\feature\reports_book\data\model\content_send_model.dart
DA:11,3
DA:16,1
DA:17,1
DA:18,2
DA:20,2
DA:22,2
DA:23,4
DA:24,4
DA:26,2
DA:27,2
DA:28,2
LF:11
LH:11
end_of_record
SF:lib\feature\reports_book\data\model\content_send_model.g.dart
DA:9,1
DA:10,1
DA:11,1
DA:12,1
DA:15,1
DA:16,1
DA:17,1
DA:18,1
LF:8
LH:8
end_of_record
SF:lib\feature\reports_book\domain\entity\content_send.dart
DA:5,3
DA:10,1
DA:11,3
LF:3
LH:3
end_of_record
SF:lib\feature\vox\data\model\announcement_detail_model.dart
DA:23,2
DA:25,1
DA:26,1
DA:27,2
DA:29,4
DA:30,4
DA:31,4
DA:32,4
DA:33,4
DA:34,4
DA:35,4
DA:36,4
DA:37,4
DA:38,4
DA:39,4
DA:40,4
LF:16
LH:16
end_of_record
SF:lib\feature\vox\data\model\announcement_detail_model.g.dart
DA:9,1
DA:11,1
DA:12,2
DA:13,2
DA:14,2
DA:15,2
DA:17,0
DA:18,2
DA:19,2
DA:21,0
DA:22,2
DA:23,2
DA:24,3
DA:25,2
DA:26,2
DA:28,1
DA:30,1
DA:31,1
DA:32,1
DA:33,1
DA:34,1
DA:35,1
DA:36,1
DA:37,1
DA:38,1
DA:39,1
DA:40,1
DA:41,1
LF:28
LH:26
end_of_record
SF:lib\feature\vox\domain\entity\document_detail.dart
DA:25,4
LF:1
LH:1
end_of_record
SF:lib\feature\maintenance_management\data\repository\maintenance_management_repository_impl.dart
DA:99,2
DA:101,1
DA:104,2
DA:105,1
DA:106,1
DA:108,2
DA:112,1
DA:115,2
DA:116,2
DA:118,2
DA:122,1
DA:125,2
DA:126,2
DA:128,2
DA:132,1
DA:135,1
DA:136,2
DA:139,1
DA:140,2
DA:142,1
DA:143,3
DA:146,1
DA:148,0
DA:152,1
DA:156,3
DA:157,2
DA:159,2
DA:163,1
DA:172,1
DA:180,2
DA:181,2
DA:182,1
DA:183,1
DA:186,2
DA:190,1
DA:194,2
DA:195,1
DA:197,2
DA:201,1
DA:208,2
DA:212,2
DA:214,2
DA:218,1
DA:225,1
DA:231,2
DA:232,1
DA:234,2
DA:238,1
DA:244,2
DA:248,1
DA:250,2
DA:254,1
DA:260,2
DA:263,1
DA:264,1
DA:265,1
DA:266,1
DA:267,1
DA:271,1
DA:272,1
DA:277,2
DA:292,2
DA:295,2
DA:297,2
DA:301,2
DA:302,2
DA:303,2
DA:308,4
DA:309,4
DA:311,4
DA:315,1
DA:328,2
DA:339,2
DA:341,2
DA:345,1
DA:359,1
DA:362,1
DA:375,2
DA:376,2
DA:378,2
DA:382,1
DA:385,2
DA:386,2
DA:388,2
DA:392,1
DA:396,2
DA:397,2
DA:399,2
DA:403,1
DA:415,1
DA:418,1
DA:419,1
DA:420,1
DA:422,1
DA:423,1
DA:424,1
DA:428,2
DA:429,2
DA:431,2
DA:435,1
DA:446,1
DA:449,1
DA:450,1
DA:451,1
DA:452,1
DA:453,1
DA:454,1
DA:458,2
DA:459,2
DA:461,2
DA:465,1
DA:481,1
DA:484,1
DA:485,1
DA:486,1
DA:487,1
DA:488,1
DA:489,1
DA:491,1
DA:492,1
DA:493,1
DA:494,1
DA:498,2
DA:499,2
DA:501,2
DA:505,1
DA:521,1
DA:524,1
DA:525,1
DA:526,1
DA:527,1
DA:528,1
DA:529,1
DA:531,1
DA:532,1
DA:533,1
DA:534,1
DA:538,2
DA:539,2
DA:541,2
DA:545,1
DA:561,1
DA:564,1
DA:565,1
DA:566,1
DA:567,1
DA:568,1
DA:569,1
DA:571,1
DA:572,1
DA:573,1
DA:574,1
DA:578,2
DA:579,2
DA:581,2
DA:585,1
DA:588,2
DA:589,2
DA:591,2
DA:595,1
DA:598,2
DA:599,2
DA:601,2
DA:605,1
DA:609,2
DA:610,2
DA:612,2
DA:616,1
DA:620,1
DA:621,2
DA:622,2
DA:624,2
DA:628,1
DA:632,1
DA:634,2
DA:635,2
DA:637,2
DA:641,1
DA:652,2
DA:661,2
DA:663,2
DA:667,1
DA:680,2
DA:691,2
DA:693,2
DA:697,1
DA:700,2
DA:701,1
DA:702,1
DA:704,2
DA:708,1
DA:712,2
DA:713,2
DA:715,2
DA:719,1
DA:722,2
DA:723,2
DA:725,2
DA:729,1
DA:733,1
DA:734,2
DA:735,2
DA:737,2
DA:741,1
DA:745,1
DA:746,2
DA:747,1
DA:748,2
DA:750,2
DA:754,1
DA:759,2
DA:762,1
DA:764,1
DA:766,1
DA:768,2
DA:772,1
DA:775,2
DA:776,2
DA:778,2
DA:782,1
DA:785,2
DA:786,1
DA:787,1
DA:789,2
DA:793,1
DA:794,1
DA:796,3
DA:798,3
DA:800,1
DA:802,1
DA:803,2
DA:808,1
DA:809,1
DA:810,1
DA:811,2
DA:812,2
DA:815,2
DA:816,1
DA:817,1
DA:818,1
DA:819,5
DA:821,3
DA:822,1
DA:828,1
DA:829,1
DA:830,1
DA:831,2
DA:832,1
DA:833,2
DA:835,3
DA:836,1
DA:837,1
DA:838,2
DA:840,1
DA:841,3
DA:842,1
DA:843,2
DA:845,1
DA:849,1
DA:855,1
DA:858,2
DA:859,2
DA:867,1
DA:873,1
DA:878,2
DA:879,2
DA:880,3
DA:885,2
DA:887,2
DA:889,1
DA:890,4
DA:891,2
DA:892,1
DA:901,1
DA:902,1
DA:910,1
DA:916,2
DA:922,1
DA:923,4
DA:933,1
DA:940,0
DA:947,0
DA:948,0
DA:953,0
DA:954,0
DA:956,0
DA:957,0
DA:958,0
DA:959,0
DA:961,0
DA:962,0
DA:963,0
DA:965,0
DA:966,0
DA:978,1
DA:980,1
DA:981,2
DA:982,1
DA:984,1
DA:985,1
DA:987,1
DA:988,1
DA:990,1
DA:991,1
DA:998,3
DA:1002,3
DA:1009,1
DA:1013,1
DA:1016,1
DA:1017,1
DA:1018,1
DA:1019,1
DA:1021,2
DA:1022,1
DA:1023,2
DA:1025,1
DA:1028,1
DA:1029,1
DA:1030,2
DA:1031,4
DA:1032,2
DA:1034,2
DA:1038,1
DA:1039,1
DA:1040,0
DA:1041,1
DA:1043,1
DA:1044,1
DA:1045,0
DA:1047,1
DA:1050,1
DA:1051,1
DA:1053,2
DA:1055,1
DA:1056,3
DA:1057,1
DA:1058,1
DA:1059,1
DA:1060,2
DA:1061,1
DA:1063,1
DA:1064,2
DA:1067,2
DA:1068,1
DA:1069,2
DA:1070,1
DA:1072,1
DA:1073,1
DA:1074,1
DA:1075,1
DA:1076,2
DA:1077,1
DA:1079,1
DA:1083,1
DA:1087,1
DA:1088,1
DA:1089,1
DA:1092,1
DA:1093,0
DA:1095,1
DA:1100,1
DA:1102,1
DA:1103,0
DA:1109,1
DA:1111,1
DA:1112,14
DA:1114,0
DA:1118,1
DA:1119,1
DA:1120,5
DA:1121,3
DA:1126,1
DA:1130,1
DA:1131,2
DA:1132,2
DA:1134,2
DA:1138,1
DA:1142,2
DA:1143,1
DA:1144,2
DA:1145,2
DA:1146,2
DA:1147,2
DA:1148,2
DA:1149,2
DA:1150,2
DA:1151,3
DA:1152,1
DA:1153,1
DA:1154,1
DA:1155,1
DA:1156,1
DA:1157,1
DA:1158,1
DA:1159,1
DA:1160,1
DA:1161,1
DA:1163,1
DA:1164,1
DA:1165,2
DA:1167,1
DA:1169,3
DA:1173,1
DA:1185,1
DA:1195,2
DA:1196,5
DA:1197,1
DA:1199,2
DA:1203,1
DA:1211,2
DA:1217,5
DA:1218,1
DA:1220,1
DA:1222,1
DA:1224,2
DA:1228,1
DA:1235,1
DA:1237,17
DA:1239,1
DA:1245,2
DA:1246,1
DA:1247,1
DA:1249,2
DA:1253,1
DA:1258,1
DA:1259,2
DA:1262,1
DA:1263,2
DA:1265,6
DA:1266,1
DA:1267,1
DA:1269,2
LF:432
LH:412
end_of_record
SF:lib\feature\maintenance_management\domain\use_cases\get_maintenance_task_events_use_case.dart
DA:18,5
DA:40,2
DA:42,2
DA:45,2
DA:47,4
DA:48,4
DA:49,4
DA:50,2
DA:51,2
DA:52,4
DA:53,2
DA:54,2
DA:55,2
DA:56,2
DA:57,2
DA:58,2
LF:16
LH:16
end_of_record
SF:lib\feature\maintenance_management\domain\entity\schedule_event_history_entity.dart
DA:11,2
DA:35,1
LF:2
LH:2
end_of_record
SF:lib\feature\maintenance_management\domain\entity\legal_obligation_upload_response_entity.dart
DA:5,2
LF:1
LH:1
end_of_record
SF:lib\feature\maintenance_management\domain\entity\task_report_entity.dart
DA:16,2
DA:41,1
DA:63,1
DA:84,1
DA:112,1
LF:5
LH:5
end_of_record
SF:lib\feature\maintenance_management\domain\entity\legal_obligation_notify_partner_result_entity.dart
DA:6,1
LF:1
LH:1
end_of_record
SF:lib\feature\maintenance_management\domain\entity\reset_schedule_event_entity.dart
DA:5,2
DA:10,2
DA:11,2
DA:12,2
DA:13,2
DA:17,1
DA:18,1
DA:19,1
DA:20,1
DA:24,1
DA:27,1
DA:28,3
DA:29,3
DA:32,1
DA:33,5
DA:35,1
DA:37,3
LF:17
LH:17
end_of_record
SF:lib\feature\maintenance_management\domain\entity\chat\chat_messages_response_entity.dart
DA:8,3
LF:1
LH:1
end_of_record
SF:lib\feature\maintenance_management\domain\enum\legal_obligation_type.dart
DA:8,2
DA:10,2
DA:12,1
DA:14,1
LF:4
LH:4
end_of_record
SF:lib\feature\maintenance_management\domain\entity\legal_obligation_status.dart
DA:20,3
DA:23,12
DA:25,6
DA:26,6
DA:30,1
DA:32,1
DA:34,1
DA:36,1
DA:43,4
DA:45,4
DA:47,4
DA:49,4
DA:51,4
DA:53,4
DA:55,4
DA:57,4
DA:62,3
DA:64,3
DA:66,3
DA:68,3
DA:70,3
DA:72,3
DA:74,3
DA:76,3
DA:82,4
DA:83,4
DA:84,4
DA:86,4
DA:87,4
DA:89,4
DA:90,3
DA:91,4
DA:92,3
DA:93,4
DA:94,3
DA:95,4
DA:96,3
DA:97,4
DA:98,3
DA:99,4
DA:100,4
DA:101,4
DA:102,4
LF:43
LH:43
end_of_record
SF:lib\feature\maintenance_management\domain\use_cases\chat\connect_websocket_use_case.dart
DA:10,1
DA:24,1
DA:26,1
DA:28,2
DA:29,1
DA:30,1
LF:6
LH:6
end_of_record
SF:lib\feature\maintenance_management\domain\use_cases\chat\create_chat_channel_use_case.dart
DA:10,1
DA:26,1
DA:28,1
DA:32,2
DA:33,1
DA:34,1
LF:6
LH:6
end_of_record
SF:lib\feature\maintenance_management\domain\use_cases\chat\get_chat_channels_use_case.dart
DA:22,4
DA:49,1
DA:51,1
DA:55,2
DA:56,1
DA:57,1
DA:58,1
DA:59,1
DA:60,1
DA:61,1
DA:62,1
DA:63,1
DA:64,1
DA:65,1
DA:66,1
DA:67,1
DA:68,1
LF:17
LH:17
end_of_record
SF:lib\feature\maintenance_management\domain\use_cases\chat\get_chat_messages_use_case.dart
DA:14,2
DA:32,1
DA:34,1
DA:38,2
DA:39,1
DA:40,1
DA:41,1
DA:42,1
LF:8
LH:8
end_of_record
SF:lib\feature\maintenance_management\domain\use_cases\chat\send_chat_message_use_case.dart
DA:12,2
DA:29,1
DA:31,1
DA:35,2
DA:36,1
DA:37,1
DA:38,1
LF:7
LH:7
end_of_record
SF:lib\feature\maintenance_management\domain\use_cases\chat\subscribe_to_channel_use_case.dart
DA:10,2
DA:24,1
DA:26,1
DA:28,2
DA:29,1
DA:30,1
LF:6
LH:6
end_of_record
SF:lib\feature\maintenance_management\domain\use_cases\chat\unsubscribe_from_channel_use_case.dart
DA:9,2
DA:22,1
DA:24,1
DA:26,2
DA:27,1
LF:5
LH:5
end_of_record
SF:lib\feature\maintenance_management\domain\use_cases\create_task_use_case.dart
DA:13,1
DA:15,1
DA:17,2
LF:3
LH:3
end_of_record
SF:lib\feature\maintenance_management\domain\use_cases\delete_schedule_event_use_case.dart
DA:13,1
DA:15,1
DA:18,2
LF:3
LH:3
end_of_record
SF:lib\feature\maintenance_management\domain\use_cases\get_assets_lookup_use_case.dart
DA:9,1
DA:11,1
DA:12,2
LF:3
LH:3
end_of_record
SF:lib\feature\maintenance_management\domain\use_cases\get_calendar_days_use_case.dart
DA:14,2
DA:31,1
DA:33,1
DA:35,2
DA:36,1
DA:37,1
DA:38,1
DA:39,1
DA:40,1
DA:41,1
DA:42,1
LF:11
LH:11
end_of_record
SF:lib\feature\maintenance_management\domain\use_cases\get_condominium_info_use_case.dart
DA:17,1
DA:19,1
DA:21,2
LF:3
LH:3
end_of_record
SF:lib\feature\maintenance_management\domain\use_cases\get_event_details_use_case.dart
DA:10,1
DA:19,1
DA:21,1
DA:23,3
LF:4
LH:4
end_of_record
SF:lib\feature\maintenance_management\domain\use_cases\get_locals_lookup_use_case.dart
DA:8,1
DA:10,1
DA:11,2
LF:3
LH:3
end_of_record
SF:lib\feature\maintenance_management\domain\use_cases\get_task_details_use_case.dart
DA:10,1
DA:19,1
DA:21,1
DA:23,3
LF:4
LH:4
end_of_record
SF:lib\feature\maintenance_management\domain\use_cases\submit_form_use_case.dart
DA:8,1
DA:10,1
DA:12,2
LF:3
LH:3
end_of_record
SF:lib\feature\maintenance_management\domain\use_cases\get_legal_obligations_use_case.dart
DA:11,1
DA:20,1
DA:22,1
DA:24,3
LF:4
LH:4
end_of_record
SF:lib\feature\maintenance_management\domain\use_cases\get_maintenance_tasks_filter_options_use_case.dart
DA:8,1
DA:10,1
DA:11,2
LF:3
LH:3
end_of_record
SF:lib\feature\maintenance_management\domain\use_cases\get_procedure_options_use_case.dart
DA:8,1
DA:10,1
DA:11,2
LF:3
LH:3
end_of_record
SF:lib\feature\maintenance_management\domain\use_cases\get_task_by_month_use_case.dart
DA:20,1
DA:22,1
DA:32,2
LF:3
LH:3
end_of_record
SF:lib\feature\maintenance_management\domain\use_cases\get_task_files_use_case.dart
DA:10,1
DA:19,1
DA:21,1
DA:23,3
LF:4
LH:4
end_of_record
SF:lib\feature\maintenance_management\domain\use_cases\get_task_formularies_use_case.dart
DA:10,1
DA:19,1
DA:21,1
DA:24,3
LF:4
LH:4
end_of_record
SF:lib\feature\maintenance_management\domain\use_cases\get_task_report_use_case.dart
DA:13,1
DA:17,1
DA:19,1
DA:20,2
DA:24,2
DA:26,0
LF:6
LH:5
end_of_record
SF:lib\feature\maintenance_management\domain\use_cases\request_legal_obligation_renewal_use_case.dart
DA:10,1
DA:23,1
DA:25,1
DA:27,2
DA:28,1
DA:29,1
LF:6
LH:6
end_of_record
SF:lib\feature\maintenance_management\domain\use_cases\reset_schedule_event_use_case.dart
DA:13,1
DA:15,1
DA:17,2
LF:3
LH:3
end_of_record
SF:lib\feature\maintenance_management\domain\use_cases\send_technical_inspection_email_use_case.dart
DA:11,1
DA:25,1
DA:27,1
DA:29,2
DA:30,1
DA:31,1
DA:32,1
LF:7
LH:7
end_of_record
SF:lib\feature\maintenance_management\domain\use_cases\create_task_from_schedule_use_case.dart
DA:14,1
DA:16,1
DA:19,2
LF:3
LH:3
end_of_record
SF:lib\feature\maintenance_management\domain\use_cases\download_legal_obligation_file_use_case.dart
DA:11,1
DA:24,1
DA:26,1
DA:28,4
LF:4
LH:4
end_of_record
SF:lib\feature\maintenance_management\domain\use_cases\edit_schedule_event_use_case.dart
DA:13,1
DA:15,1
DA:18,2
LF:3
LH:3
end_of_record
SF:lib\feature\maintenance_management\domain\use_cases\get_formulary_by_month_use_case.dart
DA:15,1
DA:35,1
DA:37,1
DA:40,2
DA:41,1
DA:42,1
DA:43,1
DA:44,1
DA:45,1
DA:46,1
DA:47,1
DA:48,1
LF:12
LH:12
end_of_record
SF:lib\feature\maintenance_management\domain\use_cases\get_schedule_event_history_use_case.dart
DA:8,1
DA:10,1
DA:11,1
DA:12,1
DA:13,2
LF:5
LH:5
end_of_record
SF:lib\feature\maintenance_management\domain\use_cases\get_schedule_events_use_case.dart
DA:15,7
DA:32,1
DA:34,1
DA:37,1
DA:38,2
DA:40,2
DA:44,1
DA:45,1
DA:46,1
DA:47,1
DA:48,1
DA:49,1
LF:12
LH:12
end_of_record
SF:lib\feature\maintenance_management\domain\use_cases\get_task_by_asset_use_case.dart
DA:25,1
DA:27,1
DA:42,2
LF:3
LH:3
end_of_record
SF:lib\feature\maintenance_management\domain\use_cases\get_task_by_local_use_case.dart
DA:25,1
DA:27,1
DA:42,2
LF:3
LH:3
end_of_record
SF:lib\feature\maintenance_management\domain\use_cases\get_task_by_sector_use_case.dart
DA:25,1
DA:27,1
DA:42,2
LF:3
LH:3
end_of_record
SF:lib\feature\maintenance_management\domain\use_cases\get_task_summary_use_case.dart
DA:11,2
DA:23,1
DA:25,1
DA:27,4
LF:4
LH:4
end_of_record
SF:lib\feature\maintenance_management\domain\use_cases\upload_legal_obligation_file_use_case.dart
DA:14,1
DA:30,1
DA:32,1
DA:35,2
DA:36,1
DA:37,1
DA:38,1
DA:39,1
DA:40,1
LF:9
LH:9
end_of_record
SF:lib\feature\maintenance_management\presentation\agenda\bloc\agenda_tasks_bloc.dart
DA:14,1
DA:16,2
DA:17,2
DA:18,2
DA:19,2
DA:22,1
DA:26,1
DA:29,1
DA:33,1
DA:34,1
DA:35,1
DA:36,1
DA:37,1
DA:38,1
DA:39,1
DA:40,1
DA:41,1
DA:42,1
DA:49,1
DA:53,1
DA:56,1
DA:62,3
DA:65,3
DA:66,2
DA:67,2
DA:69,1
DA:70,1
DA:71,1
DA:76,2
DA:79,1
DA:80,2
DA:81,2
DA:82,2
DA:85,1
DA:86,1
DA:88,1
DA:91,2
DA:92,2
DA:93,1
DA:94,1
DA:95,1
DA:96,1
DA:97,1
DA:101,2
DA:103,1
DA:104,1
DA:105,2
DA:106,2
DA:107,1
DA:110,1
DA:112,1
DA:113,2
DA:116,3
DA:117,2
DA:119,4
DA:120,1
DA:121,2
DA:122,2
DA:123,2
DA:125,1
DA:126,1
DA:129,1
DA:131,1
DA:132,2
DA:133,1
DA:137,2
DA:139,1
DA:140,1
DA:141,1
DA:147,2
DA:148,1
DA:149,1
DA:154,1
DA:158,1
DA:160,2
DA:161,2
DA:162,2
DA:163,2
DA:164,1
DA:166,2
DA:167,2
DA:169,3
DA:170,1
DA:172,0
DA:173,0
DA:174,0
DA:181,1
DA:182,1
DA:183,1
LF:89
LH:86
end_of_record
SF:lib\feature\maintenance_management\presentation\agenda\bloc\agenda_tasks_event.dart
DA:13,1
DA:35,1
LF:2
LH:2
end_of_record
SF:lib\feature\maintenance_management\presentation\agenda\bloc\agenda_tasks_state.dart
DA:15,1
DA:22,1
DA:28,1
DA:29,1
DA:30,1
DA:31,1
DA:32,0
DA:41,1
DA:51,1
LF:9
LH:8
end_of_record
SF:lib\feature\maintenance_management\presentation\agenda\model\agenda_task_model.dart
DA:19,2
DA:32,1
DA:33,1
DA:34,1
DA:35,1
DA:36,1
DA:37,1
DA:38,1
DA:39,2
DA:40,4
DA:41,2
DA:42,1
DA:43,1
DA:47,2
DA:49,2
DA:50,4
DA:51,2
DA:52,2
DA:53,2
DA:54,2
DA:55,4
DA:56,4
DA:57,4
DA:58,1
DA:60,2
DA:64,2
DA:65,3
DA:68,2
DA:69,1
DA:70,2
DA:71,1
DA:72,1
DA:73,3
DA:75,1
DA:76,1
DA:78,1
DA:79,2
DA:80,2
DA:81,2
DA:82,2
DA:83,2
DA:84,2
DA:86,2
DA:87,2
DA:91,2
DA:94,1
DA:98,2
DA:99,2
DA:103,6
DA:105,2
DA:106,3
DA:107,1
DA:113,2
DA:114,4
DA:115,2
DA:116,2
DA:117,2
DA:119,2
DA:120,2
DA:121,2
DA:122,2
DA:124,2
DA:125,2
DA:126,2
DA:128,2
DA:129,2
DA:130,2
DA:132,2
DA:133,2
DA:135,2
DA:136,2
DA:137,2
DA:144,2
DA:145,4
DA:146,2
DA:147,2
DA:148,2
DA:149,2
DA:150,2
DA:151,2
DA:152,2
DA:153,1
DA:154,4
DA:155,1
DA:156,1
DA:157,1
DA:158,1
DA:159,2
DA:160,1
DA:161,1
DA:162,1
DA:163,2
DA:165,2
DA:169,2
DA:170,4
DA:171,2
DA:172,2
DA:173,2
DA:175,2
DA:176,2
DA:177,2
DA:178,2
DA:180,2
DA:181,2
DA:182,2
DA:184,2
DA:185,2
DA:186,2
DA:188,2
DA:189,2
DA:191,2
DA:192,2
DA:193,2
DA:196,2
DA:200,2
DA:201,4
DA:202,2
DA:203,2
DA:204,2
DA:205,2
DA:207,2
DA:208,2
DA:209,1
DA:211,1
DA:212,1
DA:213,1
DA:214,1
DA:216,1
DA:217,1
DA:218,1
DA:221,1
DA:225,2
DA:226,2
DA:242,2
DA:244,4
DA:245,2
DA:246,4
DA:247,4
DA:248,4
DA:249,2
DA:255,2
DA:256,2
DA:259,1
LF:143
LH:143
end_of_record
SF:lib\feature\maintenance_management\presentation\agenda\bloc\calendar_indicators_bloc.dart
DA:17,1
DA:19,2
DA:20,2
DA:21,2
DA:22,2
DA:25,1
DA:28,1
DA:37,1
DA:39,5
DA:40,1
DA:41,3
DA:42,1
DA:43,5
DA:44,5
DA:46,5
DA:50,1
DA:52,1
DA:54,1
DA:59,1
DA:61,1
DA:63,1
DA:65,1
DA:70,1
DA:74,1
DA:77,1
DA:81,1
DA:82,1
DA:83,1
DA:84,1
DA:85,1
DA:92,1
DA:96,1
DA:97,1
DA:100,1
DA:106,3
DA:110,2
DA:111,1
DA:112,2
DA:116,2
DA:118,2
DA:120,1
DA:121,1
DA:122,1
DA:123,1
DA:124,1
DA:125,1
DA:126,1
DA:127,1
DA:130,2
DA:132,1
DA:133,1
DA:134,1
DA:135,2
DA:137,1
DA:138,1
DA:141,1
DA:142,2
DA:143,2
DA:144,1
DA:145,1
DA:148,1
DA:149,1
DA:151,1
DA:156,1
DA:157,1
DA:159,1
DA:164,2
DA:165,2
DA:166,1
DA:167,1
DA:172,1
DA:173,1
DA:174,2
DA:176,2
DA:180,1
DA:181,1
DA:182,1
DA:183,1
DA:188,1
DA:189,1
DA:190,1
DA:191,1
LF:82
LH:82
end_of_record
SF:lib\feature\maintenance_management\presentation\agenda\bloc\calendar_indicators_event.dart
DA:10,2
DA:16,1
DA:19,1
DA:20,3
DA:21,3
DA:22,3
DA:23,3
DA:25,0
DA:26,0
DA:28,1
DA:30,4
DA:38,2
DA:44,0
DA:47,0
DA:48,0
DA:49,0
DA:50,0
DA:51,0
DA:53,0
DA:54,0
DA:56,1
DA:58,4
DA:62,1
LF:23
LH:13
end_of_record
SF:lib\feature\maintenance_management\presentation\agenda\bloc\calendar_indicators_state.dart
DA:6,1
DA:11,1
DA:18,2
DA:22,2
DA:23,4
DA:26,2
DA:27,4
DA:30,2
DA:33,2
DA:34,3
DA:35,3
DA:37,1
DA:38,2
DA:40,2
DA:42,16
DA:49,2
DA:54,2
DA:57,2
DA:58,3
DA:59,3
DA:60,3
DA:62,0
DA:63,0
DA:65,2
DA:67,6
DA:75,2
DA:81,2
DA:84,2
DA:85,3
DA:86,3
DA:87,3
DA:88,3
DA:90,0
DA:91,0
DA:93,1
DA:95,4
LF:36
LH:32
end_of_record
SF:lib\feature\maintenance_management\presentation\chat\bloc\chat_conversations_bloc.dart
DA:29,3
DA:35,3
DA:36,6
DA:37,6
DA:38,6
DA:39,6
DA:40,6
DA:41,6
DA:42,6
DA:43,6
DA:46,3
DA:49,3
DA:52,3
DA:53,6
DA:54,3
DA:55,2
DA:56,2
DA:60,3
DA:64,3
DA:67,3
DA:68,3
DA:69,24
DA:71,6
DA:72,3
DA:74,3
DA:75,3
DA:76,3
DA:77,3
DA:78,3
DA:83,3
DA:84,8
DA:85,3
DA:86,6
DA:87,2
DA:89,6
DA:90,3
[...]
LF:7
LH:7
end_of_record
SF:lib\feature\session\data\model\session_model.dart
DA:10,1
DA:12,1
DA:13,1
DA:14,2
DA:16,1
DA:18,1
DA:19,3
DA:21,0
LF:8
LH:7
end_of_record
SF:lib\feature\session\data\model\session_model.g.dart
DA:9,2
DA:10,2
DA:12,1
DA:13,1
DA:14,1
LF:5
LH:5
end_of_record
SF:lib\feature\session\domain\entity\session.dart
DA:10,1
LF:1
LH:1
end_of_record
SF:lib\core\database\agreements_all_info\agreements_quote_dao.g.dart
LF:0
LH:0
end_of_record
SF:lib\core\database\pendency\pendency_dao.g.dart
LF:0
LH:0
end_of_record
SF:lib\core\database\resident\resident_dao.g.dart
LF:0
LH:0
end_of_record
SF:lib\core\database\unit\unit_dao.g.dart
LF:0
LH:0
end_of_record
SF:lib\feature\me\domain\use_case\get_me\get_me_impl.dart
DA:10,1
DA:12,1
DA:14,1
DA:15,0
DA:17,1
DA:18,2
DA:19,2
DA:23,1
DA:24,0
LF:9
LH:7
end_of_record
SF:lib\feature\me\domain\use_case\save_me\save_me.dart
DA:12,1
LF:1
LH:1
end_of_record
SF:lib\feature\me\domain\use_case\save_me\save_me_impl.dart
DA:10,1
DA:12,1
DA:14,1
DA:15,1
DA:18,5
DA:22,1
DA:23,0
DA:24,2
DA:25,1
DA:26,5
DA:27,1
DA:28,1
LF:12
LH:11
end_of_record
SF:lib\feature\me\domain\use_case\update_password_me\update_password_me.dart
DA:11,1
LF:1
LH:1
end_of_record
SF:lib\feature\me\domain\use_case\update_password_me\update_password_me_impl.dart
DA:9,1
DA:11,1
DA:13,1
DA:14,1
DA:16,2
DA:17,3
DA:21,1
DA:22,0
DA:23,3
DA:24,2
DA:25,2
LF:11
LH:10
end_of_record
SF:lib\feature\payment\data\model\ledger_account_balance_model.dart
DA:9,1
DA:13,1
DA:14,1
DA:16,0
DA:18,1
DA:20,1
DA:21,1
DA:25,1
DA:26,1
DA:27,1
LF:10
LH:9
end_of_record
SF:lib\feature\payment\data\model\ledger_account_balance_model.g.dart
DA:9,1
DA:11,1
DA:12,2
DA:15,0
DA:17,0
DA:18,0
LF:6
LH:3
end_of_record
SF:lib\feature\payment\domain\entity\payment_approval.dart
DA:10,1
LF:1
LH:1
end_of_record
SF:lib\feature\payment\domain\use_case\check_token\check_token.dart
DA:10,1
LF:1
LH:1
end_of_record
SF:lib\feature\payment\domain\use_case\check_token\check_token_impl.dart
DA:8,1
DA:10,1
DA:12,1
DA:13,1
DA:15,2
DA:16,3
DA:19,1
DA:20,0
DA:21,3
DA:22,2
LF:10
LH:9
end_of_record
SF:lib\feature\payment\domain\use_case\contas_pagar\contas_pagar.dart
DA:12,1
LF:1
LH:1
end_of_record
SF:lib\feature\payment\domain\use_case\contas_pagar\contas_pagar_impl.dart
DA:10,1
DA:12,1
DA:14,1
DA:15,1
DA:17,2
DA:18,1
DA:19,1
DA:20,1
DA:24,1
DA:25,0
DA:26,3
LF:11
LH:10
end_of_record
SF:lib\feature\payment\domain\use_case\find_spupplier\find_spupplier.dart
DA:12,1
LF:1
LH:1
end_of_record
SF:lib\feature\payment\domain\use_case\find_spupplier\find_spupplier_impl.dart
DA:9,1
DA:11,1
DA:13,1
DA:14,1
DA:16,2
DA:17,3
DA:20,1
DA:21,0
DA:22,3
LF:9
LH:8
end_of_record
SF:lib\feature\payment\domain\use_case\get_installments\get_installments.dart
DA:11,1
LF:1
LH:1
end_of_record
SF:lib\feature\payment\domain\use_case\get_installments\get_installments_impl.dart
DA:9,1
DA:11,1
DA:14,1
DA:15,1
DA:17,2
DA:18,2
DA:21,1
DA:22,0
DA:23,3
DA:24,2
LF:10
LH:9
end_of_record
SF:lib\feature\payment\domain\use_case\get_ledger_account_balance\get_ledger_account_balance.dart
DA:11,1
LF:1
LH:1
end_of_record
SF:lib\feature\payment\domain\use_case\get_ledger_account_balance\get_ledger_account_balance_impl.dart
DA:9,1
DA:11,1
DA:14,1
DA:15,0
DA:16,2
DA:17,2
DA:20,1
DA:21,0
DA:22,2
DA:23,2
LF:10
LH:8
end_of_record
SF:lib\feature\payment\domain\use_case\get_ledger_accounts\get_ledger_accounts.dart
DA:11,1
LF:1
LH:1
end_of_record
SF:lib\feature\payment\domain\use_case\get_ledger_accounts\get_ledger_accounts_impl.dart
DA:10,1
DA:12,1
DA:15,1
DA:16,0
DA:18,2
DA:19,2
DA:22,1
DA:23,0
DA:24,2
DA:25,2
LF:10
LH:8
end_of_record
SF:lib\feature\payment\domain\use_case\get_pendency\get_pendency.dart
DA:10,1
LF:1
LH:1
end_of_record
SF:lib\feature\payment\domain\use_case\get_pendency\get_pendency_impl.dart
DA:10,1
DA:12,1
DA:14,1
DA:15,1
DA:17,4
DA:21,1
DA:22,0
DA:23,2
DA:24,1
LF:9
LH:8
end_of_record
SF:lib\feature\payment\domain\use_case\get_spupplier\get_spupplier.dart
DA:11,1
LF:1
LH:1
end_of_record
SF:lib\feature\payment\domain\use_case\get_spupplier\get_spupplier_impl.dart
DA:9,1
DA:11,1
DA:13,1
DA:14,0
DA:16,4
DA:19,1
DA:20,0
DA:21,2
LF:8
LH:6
end_of_record
SF:lib\feature\payment\domain\use_case\intallments_in_approval\get_installments_in_approval.dart
DA:15,1
LF:1
LH:1
end_of_record
SF:lib\feature\payment\domain\use_case\intallments_in_approval\get_installments_in_approval_impl.dart
DA:9,1
DA:11,1
DA:14,1
DA:15,0
DA:16,2
DA:17,1
DA:18,1
DA:19,1
DA:20,1
DA:21,1
DA:22,1
DA:27,1
DA:28,0
DA:29,2
LF:14
LH:12
end_of_record
SF:lib\feature\payment\domain\use_case\register_payment_approval\register_payment_approval.dart
DA:10,1
LF:1
LH:1
end_of_record
SF:lib\feature\payment\domain\use_case\register_payment_approval\register_payment_approval_impl.dart
DA:9,1
DA:10,1
DA:12,1
DA:13,0
DA:15,4
DA:18,1
DA:19,0
DA:20,2
LF:8
LH:6
end_of_record
SF:lib\feature\payment\domain\use_case\send_token\send_token.dart
DA:11,1
LF:1
LH:1
end_of_record
SF:lib\feature\payment\domain\use_case\send_token\send_token_impl.dart
DA:9,1
DA:11,1
DA:13,1
DA:14,0
DA:15,2
DA:16,1
DA:17,1
DA:21,1
DA:22,0
DA:23,2
LF:10
LH:8
end_of_record
SF:lib\feature\payment\domain\use_case\update_installments\update_installments.dart
DA:11,1
LF:1
LH:1
end_of_record
SF:lib\feature\payment\domain\use_case\update_installments\update_installments_impl.dart
DA:8,1
DA:10,1
DA:12,1
DA:13,0
DA:14,4
DA:17,1
DA:18,0
DA:19,2
LF:8
LH:6
end_of_record
SF:lib\feature\payment\domain\use_case\update_ledger_account\update_ledger_account.dart
DA:11,1
LF:1
LH:1
end_of_record
SF:lib\feature\payment\domain\use_case\update_ledger_account\update_ledger_account_impl.dart
DA:9,1
DA:11,1
DA:13,1
DA:14,0
DA:15,2
DA:16,1
DA:17,1
DA:18,1
DA:22,1
DA:23,0
DA:24,2
LF:11
LH:9
end_of_record
SF:lib\feature\payment\domain\use_case\get_payment\get_payment.dart
DA:11,1
LF:1
LH:1
end_of_record
SF:lib\feature\payment\domain\use_case\get_payment\get_payment_impl.dart
DA:9,1
DA:11,1
DA:13,1
DA:14,1
DA:16,3
DA:17,2
DA:20,1
DA:21,0
DA:22,2
DA:23,3
DA:24,2
LF:11
LH:10
end_of_record
SF:lib\feature\payment\domain\use_case\list_payment\list_payment.dart
DA:13,1
LF:1
LH:1
end_of_record
SF:lib\feature\payment\domain\use_case\list_payment\list_payment_impl.dart
DA:9,1
DA:11,1
DA:13,1
DA:14,1
DA:16,3
DA:17,1
DA:18,1
DA:19,1
DA:22,1
DA:23,0
DA:24,3
LF:11
LH:10
end_of_record
SF:lib\feature\payment\domain\use_case\list_payment_history\list_payment_history.dart
DA:12,1
LF:1
LH:1
end_of_record
SF:lib\feature\payment\domain\use_case\list_payment_history\list_payment_history_impl.dart
DA:9,1
DA:11,1
DA:14,1
DA:15,1
DA:17,2
DA:18,3
DA:21,1
DA:22,0
DA:23,3
LF:9
LH:8
end_of_record
SF:lib\feature\payment\domain\use_case\register_payment\register_payment.dart
DA:11,1
LF:1
LH:1
end_of_record
SF:lib\feature\payment\domain\use_case\register_payment\register_payment_impl.dart
DA:9,1
DA:11,1
DA:13,1
DA:14,1
DA:16,2
DA:17,1
DA:18,1
DA:22,1
DA:23,1
DA:24,3
DA:25,4
DA:26,4
DA:27,1
DA:28,4
DA:29,1
DA:30,3
DA:31,1
DA:32,3
DA:33,2
DA:34,4
DA:35,1
LF:21
LH:21
end_of_record
SF:lib\feature\payment\domain\use_case\send_payment\send_payment.dart
DA:10,1
LF:1
LH:1
end_of_record
SF:lib\feature\payment\domain\use_case\send_payment\send_payment_impl.dart
DA:8,1
DA:10,1
DA:12,1
DA:13,1
DA:15,4
DA:18,1
DA:19,0
DA:20,3
LF:8
LH:7
end_of_record
SF:lib\feature\resin\domain\use_case\create_resin_bank_account\create_resin_bank_account.dart
DA:11,1
LF:1
LH:1
end_of_record
SF:lib\feature\resin\domain\use_case\create_resin_bank_account\create_resin_bank_account_impl.dart
DA:9,1
DA:11,1
DA:14,1
DA:15,0
DA:17,2
DA:18,2
DA:21,1
DA:22,0
DA:23,2
DA:24,2
DA:25,3
DA:26,3
DA:27,3
DA:28,3
LF:14
LH:12
end_of_record
SF:lib\feature\resin\domain\use_case\create_resin_refund\create_resin_refund.dart
DA:11,1
LF:1
LH:1
end_of_record
SF:lib\feature\resin\domain\use_case\create_resin_refund\create_resin_refund_impl.dart
DA:9,1
DA:11,1
DA:13,1
DA:14,0
DA:16,2
DA:17,2
DA:20,1
DA:21,0
DA:22,2
LF:9
LH:7
end_of_record
SF:lib\feature\resin\domain\use_case\delete_resin_bank_account\delete_resin_bank_account.dart
DA:10,1
LF:1
LH:1
end_of_record
SF:lib\feature\resin\domain\use_case\delete_resin_bank_account\delete_resin_bank_account_impl.dart
DA:8,1
DA:10,1
DA:12,1
DA:13,0
DA:15,2
DA:16,2
DA:19,1
DA:20,0
DA:21,2
DA:22,2
LF:10
LH:8
end_of_record
SF:lib\feature\resin\domain\use_case\delete_resin_refund\delete_resin_refund.dart
DA:10,1
LF:1
LH:1
end_of_record
SF:lib\feature\resin\domain\use_case\delete_resin_refund\delete_resin_refund_impl.dart
DA:8,1
DA:10,1
DA:12,1
DA:13,0
DA:15,4
DA:18,1
DA:19,0
DA:20,2
DA:21,2
LF:9
LH:7
end_of_record
SF:lib\feature\resin\domain\use_case\edit_resin_refund\edit_resin_refund.dart
DA:10,1
LF:1
LH:1
end_of_record
SF:lib\feature\resin\domain\use_case\edit_resin_refund\edit_resin_refund_impl.dart
DA:8,1
DA:10,1
DA:12,1
DA:13,0
DA:15,4
DA:18,1
DA:19,0
DA:20,2
LF:8
LH:6
end_of_record
SF:lib\feature\resin\domain\use_case\get_resin_bank_accounts\get_resin_bank_accounts.dart
DA:11,1
LF:1
LH:1
end_of_record
SF:lib\feature\resin\domain\use_case\get_resin_bank_accounts\get_resin_bank_accounts_impl.dart
DA:9,1
DA:11,1
DA:14,1
DA:15,0
DA:17,2
DA:18,0
DA:19,3
DA:22,1
DA:23,0
DA:24,2
LF:10
LH:7
end_of_record
SF:lib\feature\resin\domain\use_case\get_resin_banks\get_resin_banks.dart
DA:11,1
LF:1
LH:1
end_of_record
SF:lib\feature\resin\domain\use_case\get_resin_banks\get_resin_banks_impl.dart
DA:9,1
DA:11,1
DA:13,1
DA:14,0
DA:16,2
DA:17,3
DA:18,0
DA:21,1
DA:22,0
DA:23,2
LF:10
LH:7
end_of_record
SF:lib\feature\resin\domain\use_case\get_resin_check_max_value\get_resin_check_max_value.dart
DA:12,1
LF:1
LH:1
end_of_record
SF:lib\feature\resin\domain\use_case\get_resin_check_max_value\get_resin_check_max_value_impl.dart
DA:9,1
DA:11,1
DA:14,1
DA:15,1
DA:17,2
DA:18,3
DA:21,1
DA:22,0
DA:23,2
DA:24,2
DA:25,3
LF:11
LH:10
end_of_record
SF:lib\feature\resin\domain\use_case\get_resin_params\get_resin_params.dart
DA:10,1
LF:1
LH:1
end_of_record
SF:lib\feature\resin\domain\use_case\get_resin_params\get_resin_params_impl.dart
DA:9,1
DA:11,1
DA:13,1
DA:14,0
DA:16,3
DA:19,1
DA:20,0
DA:21,2
LF:8
LH:6
end_of_record
SF:lib\feature\resin\domain\use_case\get_resin_people\get_resin_people.dart
DA:11,1
LF:1
LH:1
end_of_record
SF:lib\feature\resin\domain\use_case\get_resin_people\get_resin_people_impl.dart
DA:9,1
DA:11,1
DA:13,1
DA:14,0
DA:16,2
DA:17,3
DA:18,3
DA:21,1
DA:22,0
DA:23,2
LF:10
LH:8
end_of_record
SF:lib\feature\resin\domain\use_case\get_resin_refund_details\get_resin_refund_details.dart
DA:11,1
LF:1
LH:1
end_of_record
SF:lib\feature\resin\domain\use_case\get_resin_refund_details\get_resin_refund_details_impl.dart
DA:9,1
DA:11,1
DA:13,1
DA:14,0
DA:16,2
DA:17,2
DA:20,1
DA:21,0
DA:22,2
DA:23,2
LF:10
LH:8
end_of_record
SF:lib\feature\resin\domain\use_case\get_resin_refunds\get_resin_refunds.dart
DA:13,1
LF:1
LH:1
end_of_record
SF:lib\feature\resin\domain\use_case\get_resin_refunds\get_resin_refunds_impl.dart
DA:9,1
DA:11,1
DA:13,1
DA:14,0
DA:16,2
DA:17,3
DA:18,0
DA:21,1
DA:22,0
DA:23,2
LF:10
LH:7
end_of_record
SF:lib\feature\session\domain\use_case\load_session\load_session_impl.dart
DA:13,1
DA:15,1
DA:17,2
DA:18,2
DA:21,2
DA:23,1
DA:24,1
DA:26,2
DA:27,2
DA:29,1
DA:30,2
DA:32,1
DA:33,1
DA:35,4
DA:36,2
DA:38,4
DA:39,4
DA:40,0
DA:43,1
LF:19
LH:18
end_of_record
SF:lib\feature\session\domain\use_case\save_session\save_session_impl.dart
DA:9,1
DA:11,1
DA:13,1
DA:15,0
DA:18,2
DA:19,5
DA:22,1
DA:23,0
LF:8
LH:6
end_of_record
SF:lib\feature\space\domain\use_case\list_space\list_space.dart
DA:9,1
LF:1
LH:1
end_of_record
SF:lib\feature\space\domain\use_case\list_space\list_space_impl.dart
DA:9,1
DA:10,1
DA:12,1
DA:13,1
DA:15,4
DA:18,1
DA:19,0
DA:20,3
LF:8
LH:7
end_of_record
SF:lib\feature\space\domain\use_case\list_space_type\list_space_type.dart
DA:9,1
LF:1
LH:1
end_of_record
SF:lib\feature\space\domain\use_case\list_space_type\list_space_type_impl.dart
DA:10,1
DA:12,1
DA:14,1
DA:15,0
DA:17,3
DA:20,1
DA:21,0
DA:22,2
LF:8
LH:6
end_of_record
SF:lib\feature\space\registration\domain\use_case\register_space\register_space.dart
DA:10,1
LF:1
LH:1
end_of_record
SF:lib\feature\space\registration\domain\use_case\register_space\register_space_impl.dart
DA:9,1
DA:10,1
DA:12,1
DA:13,0
DA:15,4
DA:18,1
DA:19,0
DA:20,2
LF:8
LH:6
end_of_record
SF:lib\feature\space\registration\domain\use_case\request_space_registration\request_space_registration.dart
DA:11,1
LF:1
LH:1
end_of_record
SF:lib\feature\space\registration\domain\use_case\request_space_registration\request_space_registration_impl.dart
DA:9,1
DA:10,1
DA:13,1
DA:14,0
DA:16,4
DA:19,1
DA:20,0
DA:21,2
LF:8
LH:6
end_of_record
SF:lib\feature\space\registration\domain\use_case\update_space\update_space.dart
DA:10,1
LF:1
LH:1
end_of_record
SF:lib\feature\space\registration\domain\use_case\update_space\update_space_impl.dart
DA:9,1
DA:10,1
DA:12,1
DA:13,0
DA:15,4
DA:18,1
DA:19,0
DA:20,2
LF:8
LH:6
end_of_record
SF:lib\feature\space\reservation\domain\entity\reservation_registration.dart
DA:13,2
LF:1
LH:1
end_of_record
SF:lib\feature\space\reservation\domain\use_case\cancel_reservation\cancel_reservation.dart
DA:12,1
LF:1
LH:1
end_of_record
SF:lib\feature\space\reservation\domain\use_case\cancel_reservation\cancel_reservation_impl.dart
DA:9,1
DA:10,1
DA:12,1
DA:13,0
DA:15,2
DA:16,3
DA:19,1
DA:20,0
DA:21,2
DA:22,2
LF:10
LH:8
end_of_record
SF:lib\feature\space\reservation\domain\use_case\delete_reservation\delete_reservation.dart
DA:11,1
LF:1
LH:1
end_of_record
SF:lib\feature\space\reservation\domain\use_case\delete_reservation\delete_reservation_impl.dart
DA:8,1
DA:9,1
DA:11,1
DA:12,0
DA:14,2
DA:15,3
DA:18,1
DA:19,0
DA:20,2
DA:21,2
DA:22,2
LF:11
LH:9
end_of_record
SF:lib\feature\space\reservation\domain\use_case\list_all_reservations\list_all_reservation.dart
DA:12,1
LF:1
LH:1
end_of_record
SF:lib\feature\space\reservation\domain\use_case\list_all_reservations\list_all_reservation_impl.dart
DA:10,1
DA:12,1
DA:15,1
DA:16,0
DA:18,3
DA:19,2
DA:22,1
DA:23,0
DA:24,2
LF:9
LH:7
end_of_record
SF:lib\feature\space\reservation\domain\use_case\list_reservation\list_reservation.dart
DA:13,1
LF:1
LH:1
end_of_record
SF:lib\feature\space\reservation\domain\use_case\list_reservation\list_reservation_impl.dart
DA:9,1
DA:11,1
DA:14,1
DA:15,1
DA:17,3
DA:18,3
DA:21,1
DA:22,0
DA:23,2
DA:24,3
LF:10
LH:9
end_of_record
SF:lib\feature\space\reservation\domain\use_case\register_reservation\register_reservation.dart
DA:11,1
LF:1
LH:1
end_of_record
SF:lib\feature\space\reservation\domain\use_case\register_reservation\register_reservation_impl.dart
DA:7,1
DA:9,1
DA:11,1
DA:12,0
DA:14,2
DA:15,4
DA:18,1
DA:19,0
DA:20,2
LF:9
LH:7
end_of_record
SF:lib\feature\space\reservation\domain\entity\reservation_raffle_data.dart
DA:11,1
LF:1
LH:1
end_of_record
SF:lib\feature\space\reservation\domain\use_case\draw_raffle\draw_raffle.dart
DA:11,1
LF:1
LH:1
end_of_record
SF:lib\feature\space\reservation\domain\use_case\draw_raffle\draw_raffle_impl.dart
DA:9,1
DA:11,1
DA:13,1
DA:14,1
DA:16,2
DA:17,3
DA:20,1
DA:21,0
DA:22,3
DA:23,2
DA:24,2
LF:11
LH:10
end_of_record
SF:lib\feature\space\reservation\domain\use_case\get_raffle\get_raffle.dart
DA:12,1
LF:1
LH:1
end_of_record
SF:lib\feature\space\reservation\domain\use_case\get_raffle\get_raffle_impl.dart
DA:9,1
DA:11,1
DA:13,1
DA:14,1
DA:16,2
DA:17,3
DA:20,1
DA:21,0
DA:22,2
DA:23,3
DA:24,2
LF:11
LH:10
end_of_record
SF:lib\feature\space\reservation\domain\use_case\get_reservation_change_rules\get_reservation_change_rules.dart
DA:10,1
LF:1
LH:1
end_of_record
SF:lib\feature\space\reservation\domain\use_case\get_reservation_change_rules\get_reservation_change_rules_impl.dart
DA:8,1
DA:10,1
DA:13,1
DA:14,1
DA:16,3
DA:19,1
DA:20,0
DA:21,3
LF:8
LH:7
end_of_record
SF:lib\feature\space\reservation\domain\use_case\get_reservation_rule\get_reservation_rule.dart
DA:11,1
LF:1
LH:1
end_of_record
SF:lib\feature\space\reservation\domain\use_case\get_reservation_rule\get_reservation_rule_impl.dart
DA:9,1
DA:11,1
DA:13,1
DA:14,1
DA:16,4
DA:19,1
DA:20,0
DA:21,2
DA:22,3
LF:9
LH:8
end_of_record
SF:lib\feature\space\reservation\domain\use_case\list_reservation_summary\list_reservation_summary.dart
DA:14,1
LF:1
LH:1
end_of_record
SF:lib\feature\space\reservation\domain\use_case\list_reservation_summary\list_reservation_summary_impl.dart
DA:9,1
DA:11,1
DA:14,1
DA:15,1
DA:17,4
DA:18,3
DA:21,1
DA:22,0
DA:23,3
LF:9
LH:8
end_of_record
SF:lib\feature\space\reservation\domain\use_case\list_reservation_time\list_reservation_time.dart
DA:12,1
LF:1
LH:1
end_of_record
SF:lib\feature\space\reservation\domain\use_case\list_reservation_time\list_reservation_time_impl.dart
DA:9,1
DA:10,1
DA:13,1
DA:14,1
DA:16,2
DA:17,3
DA:20,1
DA:21,0
DA:22,3
DA:23,2
LF:10
LH:9
end_of_record
SF:lib\feature\space\reservation\domain\use_case\post_reservation_change_rules\post_reservation_change_rules.dart
DA:10,1
LF:1
LH:1
end_of_record
SF:lib\feature\space\reservation\domain\use_case\post_reservation_change_rules\post_reservation_change_rules_impl.dart
DA:7,1
DA:9,1
DA:11,1
DA:12,1
DA:14,4
DA:17,1
DA:18,0
DA:19,3
LF:8
LH:7
end_of_record
SF:lib\feature\space\reservation\domain\use_case\register_maintenance\register_maintenance.dart
DA:12,1
LF:1
LH:1
end_of_record
SF:lib\feature\space\reservation\domain\use_case\register_maintenance\register_maintenance_impl.dart
DA:8,1
DA:10,1
DA:12,1
DA:13,1
DA:15,2
DA:16,2
DA:19,1
DA:20,0
DA:21,3
LF:9
LH:8
end_of_record
SF:lib\feature\space\reservation\domain\use_case\register_raffle\register_raffle.dart
DA:14,1
LF:1
LH:1
end_of_record
SF:lib\feature\space\reservation\domain\use_case\register_raffle\register_raffle_impl.dart
DA:8,1
DA:10,1
DA:12,1
DA:13,1
DA:15,2
DA:16,3
DA:19,1
DA:20,0
DA:21,3
LF:9
LH:8
end_of_record
SF:lib\feature\splash\domain\use_case\get_boot_data\get_boot_data.dart
DA:6,4
LF:1
LH:1
end_of_record
SF:lib\feature\splash\domain\use_case\get_boot_data\get_boot_data_impl.dart
DA:10,1
DA:12,1
DA:15,2
DA:16,1
DA:17,2
DA:19,0
DA:20,0
LF:7
LH:5
end_of_record
SF:lib\feature\splash\domain\use_case\set_boot_data\set_boot_data_impl.dart
DA:9,1
DA:11,1
DA:14,2
DA:16,2
LF:4
LH:4
end_of_record
SF:lib\feature\staff_access_management\domain\entity\condo_user_manage_type.dart
DA:7,1
DA:8,1
LF:2
LH:2
end_of_record
SF:lib\feature\staff_access_management\domain\use_case\deactivate_non_manager_user\deactivate_non_manager_user.dart
DA:10,1
LF:1
LH:1
end_of_record
SF:lib\feature\staff_access_management\domain\use_case\deactivate_non_manager_user\deactivate_non_manager_user_impl.dart
DA:8,1
DA:10,1
DA:12,1
DA:14,1
DA:16,2
DA:17,3
DA:22,1
DA:23,3
DA:24,2
LF:9
LH:9
end_of_record
SF:lib\feature\staff_access_management\domain\use_case\get_building_manager_users\get_building_manager_users.dart
DA:11,1
LF:1
LH:1
end_of_record
SF:lib\feature\staff_access_management\domain\use_case\get_building_manager_users\get_building_manager_users_impl.dart
DA:9,1
DA:11,1
DA:14,1
DA:16,0
DA:18,2
DA:19,2
DA:24,1
LF:7
LH:6
end_of_record
SF:lib\feature\staff_access_management\domain\use_case\post_non_user\post_non_user.dart
DA:9,1
LF:1
LH:1
end_of_record
SF:lib\feature\staff_access_management\domain\use_case\post_non_user\post_non_user_impl.dart
DA:8,1
DA:10,1
DA:12,1
DA:14,1
DA:17,4
DA:22,1
DA:23,3
DA:24,5
DA:25,4
DA:26,4
DA:27,0
DA:29,4
DA:30,4
DA:31,2
LF:14
LH:13
end_of_record
SF:lib\feature\staff_access_management\domain\use_case\put_building_manager_user\put_building_manager_user.dart
DA:10,1
LF:1
LH:1
end_of_record
SF:lib\feature\staff_access_management\domain\use_case\put_building_manager_user\put_building_manager_user_impl.dart
DA:8,1
DA:10,1
DA:12,1
DA:14,1
DA:16,2
DA:17,2
DA:22,1
DA:23,2
DA:24,4
DA:25,3
LF:10
LH:10
end_of_record
SF:lib\feature\vehicles\data\repository\vehicle_repository.dart
DA:10,1
DA:14,1
DA:22,2
DA:29,5
DA:31,0
LF:5
LH:4
end_of_record
SF:lib\feature\vehicles\domain\enums\vehicle_type.dart
DA:4,1
DA:6,1
DA:8,1
DA:10,1
DA:12,1
DA:19,1
DA:21,1
DA:23,1
DA:25,1
DA:27,1
LF:10
LH:10
end_of_record
SF:lib\feature\vehicles\domain\usecases\get_vehicles_usecase.dart
DA:11,1
DA:15,1
DA:17,1
DA:18,1
DA:20,2
DA:21,1
DA:22,1
DA:23,1
DA:24,1
DA:28,1
DA:29,0
DA:30,3
DA:40,1
LF:13
LH:12
end_of_record
